2024-07-02 23:45:47.463 [info] Extension host with pid 83363 started
2024-07-02 23:45:47.463 [info] Skipping acquiring lock for /home/charps/.config/Code - OSS/User/workspaceStorage/a7072b814341c37f4595fc18bfb6041d.
2024-07-02 23:45:47.479 [info] ExtensionService#_doActivateExtension vscode.git-base, startup: true, activationEvent: '*', root cause: vscode.git
2024-07-02 23:45:47.492 [info] ExtensionService#_doActivateExtension vscode.npm, startup: true, activationEvent: 'workspaceContains:package.json'
2024-07-02 23:45:47.505 [info] ExtensionService#_doActivateExtension vscode.git, startup: true, activationEvent: '*'
2024-07-02 23:45:47.532 [info] ExtensionService#_doActivateExtension vscode.github, startup: true, activationEvent: '*'
2024-07-02 23:45:47.586 [info] Eager extensions activated
2024-07-02 23:45:47.647 [info] Extension host with pid 83398 started
2024-07-02 23:45:47.647 [info] Skipping acquiring lock for /home/charps/.config/Code - OSS/User/workspaceStorage/a7072b814341c37f4595fc18bfb6041d.
2024-07-02 23:45:47.659 [info] ExtensionService#_doActivateExtension vscode.debug-auto-launch, startup: false, activationEvent: 'onStartupFinished'
2024-07-02 23:45:47.661 [info] ExtensionService#_doActivateExtension vscode.merge-conflict, startup: false, activationEvent: 'onStartupFinished'
2024-07-02 23:45:47.674 [info] Eager extensions activated
2024-07-02 23:45:47.700 [info] ExtensionService#_doActivateExtension asvetliakov.vscode-neovim, startup: false, activationEvent: 'onStartupFinished'
2024-07-02 23:45:47.714 [info] ExtensionService#_doActivateExtension vscode.emmet, startup: false, activationEvent: 'onLanguage'
2024-07-02 23:45:47.795 [error] Error: [ExtensionListenerError] Extension 'asvetliakov.vscode-neovim' FAILED to handle event: TypeError: Cannot read properties of undefined (reading 'command')
	at n.value (/usr/lib/code/out/vs/workbench/api/node/extensionHostProcess.js:163:20749)
	at l.y (/usr/lib/code/out/vs/workbench/api/node/extensionHostProcess.js:82:664)
	at l.fire (/usr/lib/code/out/vs/workbench/api/node/extensionHostProcess.js:82:881)
	at C.onDidChangeWindowProperty (/usr/lib/code/out/vs/workbench/api/node/extensionHostProcess.js:145:21077)
	at C.$onDidChangeWindowFocus (/usr/lib/code/out/vs/workbench/api/node/extensionHostProcess.js:145:20888)
	at E.S (/usr/lib/code/out/vs/workbench/api/node/extensionHostProcess.js:150:5970)
	at E.Q (/usr/lib/code/out/vs/workbench/api/node/extensionHostProcess.js:150:5736)
	at E.M (/usr/lib/code/out/vs/workbench/api/node/extensionHostProcess.js:150:4762)
	at E.L (/usr/lib/code/out/vs/workbench/api/node/extensionHostProcess.js:150:3589)
	at n.value (/usr/lib/code/out/vs/workbench/api/node/extensionHostProcess.js:150:2282)
	at l.y (/usr/lib/code/out/vs/workbench/api/node/extensionHostProcess.js:82:664)
	at l.fire (/usr/lib/code/out/vs/workbench/api/node/extensionHostProcess.js:82:881)
	at s.fire (/usr/lib/code/out/vs/workbench/api/node/extensionHostProcess.js:107:14502)
	at n.value (/usr/lib/code/out/vs/workbench/api/node/extensionHostProcess.js:176:8481)
	at l.y (/usr/lib/code/out/vs/workbench/api/node/extensionHostProcess.js:82:664)
	at l.fire (/usr/lib/code/out/vs/workbench/api/node/extensionHostProcess.js:82:881)
	at s.fire (/usr/lib/code/out/vs/workbench/api/node/extensionHostProcess.js:107:14502)
	at MessagePortMain.<anonymous> (/usr/lib/code/out/vs/workbench/api/node/extensionHostProcess.js:176:6631)
	at MessagePortMain.emit (node:events:514:28)
	at MessagePortMain._internalPort.emit (node:electron/js2c/utility_init:2:2285)
2024-07-02 23:45:47.848 [info] ExtensionService#_doActivateExtension vscode.github-authentication, startup: false, activationEvent: 'onAuthenticationRequest:github'
2024-07-02 23:45:51.751 [info] Extension host terminating: renderer closed the MessagePort
2024-07-02 23:45:51.761 [info] Extension host with pid 83398 exiting with code 0
2024-07-02 23:45:51.777 [info] Extension host terminating: renderer closed the MessagePort
2024-07-02 23:45:51.789 [error] Canceled: Canceled
	at new A (/usr/lib/code/out/vs/workbench/api/node/extensionHostProcess.js:143:50615)
	at E.U (/usr/lib/code/out/vs/workbench/api/node/extensionHostProcess.js:150:6007)
	at z.<computed>.M.charCodeAt.R.CharCode.DollarSign.z.<computed> (/usr/lib/code/out/vs/workbench/api/node/extensionHostProcess.js:150:3091)
	at h.g (/usr/lib/code/out/vs/workbench/api/node/extensionHostProcess.js:153:199937)
	at h.executeCommand (/usr/lib/code/out/vs/workbench/api/node/extensionHostProcess.js:153:199375)
	at I.registerCommand.description (/usr/lib/code/out/vs/workbench/api/node/extensionHostProcess.js:153:198699)
	at h (/usr/lib/code/out/vs/workbench/api/node/extensionHostProcess.js:153:200476)
	at h.g (/usr/lib/code/out/vs/workbench/api/node/extensionHostProcess.js:153:199468)
	at h.executeCommand (/usr/lib/code/out/vs/workbench/api/node/extensionHostProcess.js:153:199375)
	at Object.executeCommand (/usr/lib/code/out/vs/workbench/api/node/extensionHostProcess.js:163:22742)
	at n.O [as value] (/usr/lib/code/extensions/git/dist/main.js:2:945191)
	at l.y (/usr/lib/code/out/vs/workbench/api/node/extensionHostProcess.js:82:664)
	at l.z (/usr/lib/code/out/vs/workbench/api/node/extensionHostProcess.js:82:734)
	at l.fire (/usr/lib/code/out/vs/workbench/api/node/extensionHostProcess.js:82:950)
	at Object.p [as dispose] (/usr/lib/code/extensions/git/dist/main.js:2:964275)
	at /usr/lib/code/extensions/git/dist/main.js:2:970313
	at Array.forEach (<anonymous>)
	at f.dispose (/usr/lib/code/extensions/git/dist/main.js:2:970299)
	at a.<anonymous> (/usr/lib/code/out/vs/workbench/api/node/extensionHostProcess.js:151:4032)
	at a.dispose (/usr/lib/code/out/vs/workbench/api/node/extensionHostProcess.js:151:4129)
	at a.<anonymous> (/usr/lib/code/extensions/git/dist/main.js:2:947448)
	at a.dispose (/usr/lib/code/out/vs/workbench/api/node/extensionHostProcess.js:151:4129)
	at f (/usr/lib/code/out/vs/workbench/api/node/extensionHostProcess.js:30:744)
	at u.eb (/usr/lib/code/out/vs/workbench/api/node/extensionHostProcess.js:159:9991)
	at /usr/lib/code/out/vs/workbench/api/node/extensionHostProcess.js:159:7867
	at Array.map (<anonymous>)
	at u.$ (/usr/lib/code/out/vs/workbench/api/node/extensionHostProcess.js:159:7854)
	at u.terminate (/usr/lib/code/out/vs/workbench/api/node/extensionHostProcess.js:159:8127)
	at f.terminate (/usr/lib/code/out/vs/workbench/api/node/extensionHostProcess.js:163:1513)
	at t (/usr/lib/code/out/vs/workbench/api/node/extensionHostProcess.js:176:10459)
	at MessagePortMain.<anonymous> (/usr/lib/code/out/vs/workbench/api/node/extensionHostProcess.js:176:6675)
	at MessagePortMain.emit (node:events:514:28)
	at MessagePortMain._internalPort.emit (node:electron/js2c/utility_init:2:2285) setContext undefined
2024-07-02 23:45:51.790 [error] Canceled: Canceled
	at new A (/usr/lib/code/out/vs/workbench/api/node/extensionHostProcess.js:143:50615)
	at E.U (/usr/lib/code/out/vs/workbench/api/node/extensionHostProcess.js:150:6007)
	at z.<computed>.M.charCodeAt.R.CharCode.DollarSign.z.<computed> (/usr/lib/code/out/vs/workbench/api/node/extensionHostProcess.js:150:3091)
	at h.g (/usr/lib/code/out/vs/workbench/api/node/extensionHostProcess.js:153:199937)
	at h.executeCommand (/usr/lib/code/out/vs/workbench/api/node/extensionHostProcess.js:153:199375)
	at I.registerCommand.description (/usr/lib/code/out/vs/workbench/api/node/extensionHostProcess.js:153:198699)
	at h (/usr/lib/code/out/vs/workbench/api/node/extensionHostProcess.js:153:200476)
	at h.g (/usr/lib/code/out/vs/workbench/api/node/extensionHostProcess.js:153:199468)
	at h.executeCommand (/usr/lib/code/out/vs/workbench/api/node/extensionHostProcess.js:153:199375)
	at Object.executeCommand (/usr/lib/code/out/vs/workbench/api/node/extensionHostProcess.js:163:22742)
	at set hasGitHubRepositories (/usr/lib/code/extensions/github/dist/extension.js:2:322969)
	at /usr/lib/code/extensions/github/dist/extension.js:2:323928
	at n.value (/usr/lib/code/extensions/git/dist/main.js:2:1050764)
	at l.y (/usr/lib/code/out/vs/workbench/api/node/extensionHostProcess.js:82:664)
	at l.z (/usr/lib/code/out/vs/workbench/api/node/extensionHostProcess.js:82:734)
	at l.fire (/usr/lib/code/out/vs/workbench/api/node/extensionHostProcess.js:82:950)
	at Object.p [as dispose] (/usr/lib/code/extensions/git/dist/main.js:2:964275)
	at /usr/lib/code/extensions/git/dist/main.js:2:970313
	at Array.forEach (<anonymous>)
	at f.dispose (/usr/lib/code/extensions/git/dist/main.js:2:970299)
	at a.<anonymous> (/usr/lib/code/out/vs/workbench/api/node/extensionHostProcess.js:151:4032)
	at a.dispose (/usr/lib/code/out/vs/workbench/api/node/extensionHostProcess.js:151:4129)
	at a.<anonymous> (/usr/lib/code/extensions/git/dist/main.js:2:947448)
	at a.dispose (/usr/lib/code/out/vs/workbench/api/node/extensionHostProcess.js:151:4129)
	at f (/usr/lib/code/out/vs/workbench/api/node/extensionHostProcess.js:30:744)
	at u.eb (/usr/lib/code/out/vs/workbench/api/node/extensionHostProcess.js:159:9991)
	at /usr/lib/code/out/vs/workbench/api/node/extensionHostProcess.js:159:7867
	at Array.map (<anonymous>)
	at u.$ (/usr/lib/code/out/vs/workbench/api/node/extensionHostProcess.js:159:7854)
	at u.terminate (/usr/lib/code/out/vs/workbench/api/node/extensionHostProcess.js:159:8127)
	at f.terminate (/usr/lib/code/out/vs/workbench/api/node/extensionHostProcess.js:163:1513)
	at t (/usr/lib/code/out/vs/workbench/api/node/extensionHostProcess.js:176:10459)
	at MessagePortMain.<anonymous> (/usr/lib/code/out/vs/workbench/api/node/extensionHostProcess.js:176:6675)
	at MessagePortMain.emit (node:events:514:28)
	at MessagePortMain._internalPort.emit (node:electron/js2c/utility_init:2:2285) setContext undefined
2024-07-02 23:45:51.791 [info] Extension host with pid 83363 exiting with code 0
