2024-07-23 22:25:25.353 [info] Log level: Info
2024-07-23 22:25:25.353 [info] Validating found git in: "git"
2024-07-23 22:25:25.353 [info] Using git "2.45.2" from "git"
2024-07-23 22:25:36.313 [info] Log level: Info
2024-07-23 22:25:36.313 [info] Validating found git in: "git"
2024-07-23 22:25:36.313 [info] Using git "2.45.2" from "git"
2024-07-23 22:25:36.313 [info] > git rev-parse --show-toplevel [7ms]
2024-07-23 22:25:36.314 [info] > git rev-parse --git-dir --git-common-dir [3ms]
2024-07-23 22:25:36.320 [info] Open repository: /home/charps/Documents/story_bug/alt
2024-07-23 22:25:36.337 [info] > git config --get commit.template [7ms]
2024-07-23 22:25:36.344 [info] > git rev-parse --show-toplevel [9ms]
2024-07-23 22:25:36.352 [info] > git for-each-ref --format=%(refname)%00%(upstream:short)%00%(objectname)%00%(upstream:track)%00%(upstream:remotename)%00%(upstream:remoteref) refs/heads/feature/shipping-address-change refs/remotes/feature/shipping-address-change [9ms]
2024-07-23 22:25:36.365 [info] > git status -z -uall [7ms]
2024-07-23 22:25:36.377 [info] > git rev-parse --show-toplevel [26ms]
2024-07-23 22:25:36.402 [info] > git for-each-ref --format=%(refname)%00%(upstream:short)%00%(objectname)%00%(upstream:track)%00%(upstream:remotename)%00%(upstream:remoteref) refs/heads/feature/shipping-address-change refs/remotes/feature/shipping-address-change [31ms]
2024-07-23 22:25:36.413 [info] > git rev-parse --show-toplevel [12ms]
2024-07-23 22:25:36.413 [info] > git config --get commit.template [19ms]
2024-07-23 22:25:36.425 [info] > git config --local branch.feature/shipping-address-change.vscode-merge-base [14ms]
2024-07-23 22:25:36.425 [warning] git config failed: Failed to execute git
2024-07-23 22:25:36.458 [info] > git reflog feature/shipping-address-change --grep-reflog=branch: Created from *. [27ms]
2024-07-23 22:25:36.465 [info] > git rev-parse --show-toplevel [41ms]
2024-07-23 22:25:36.472 [info] > git for-each-ref --format=%(refname)%00%(upstream:short)%00%(objectname)%00%(upstream:track)%00%(upstream:remotename)%00%(upstream:remoteref) refs/heads/main refs/remotes/main [7ms]
2024-07-23 22:25:36.477 [info] > git for-each-ref --format=%(refname)%00%(upstream:short)%00%(objectname)%00%(upstream:track)%00%(upstream:remotename)%00%(upstream:remoteref) refs/heads/feature/shipping-address-change refs/remotes/feature/shipping-address-change [23ms]
2024-07-23 22:25:36.484 [info] > git for-each-ref --format=%(refname)%00%(upstream:short)%00%(objectname)%00%(upstream:track)%00%(upstream:remotename)%00%(upstream:remoteref) refs/remotes/origin/main [7ms]
2024-07-23 22:25:36.491 [info] > git rev-parse --show-toplevel [20ms]
2024-07-23 22:25:36.500 [info] > git status -z -uall [16ms]
2024-07-23 22:25:36.513 [info] > git for-each-ref --format=%(refname)%00%(upstream:short)%00%(objectname)%00%(upstream:track)%00%(upstream:remotename)%00%(upstream:remoteref) refs/heads/feature/shipping-address-change refs/remotes/feature/shipping-address-change [3ms]
2024-07-23 22:25:36.521 [info] > git rev-parse --show-toplevel [22ms]
2024-07-23 22:25:36.521 [info] > git config --local branch.feature/shipping-address-change.vscode-merge-base origin/main [30ms]
2024-07-23 22:25:36.534 [info] > git config --local branch.feature/shipping-address-change.vscode-merge-base [14ms]
2024-07-23 22:25:36.541 [info] > git config --get commit.template [8ms]
2024-07-23 22:25:36.547 [info] > git for-each-ref --format=%(refname)%00%(upstream:short)%00%(objectname)%00%(upstream:track)%00%(upstream:remotename)%00%(upstream:remoteref) refs/heads/origin/main refs/remotes/origin/main [7ms]
2024-07-23 22:25:36.548 [info] > git for-each-ref --format=%(refname)%00%(upstream:short)%00%(objectname)%00%(upstream:track)%00%(upstream:remotename)%00%(upstream:remoteref) refs/heads/feature/shipping-address-change refs/remotes/feature/shipping-address-change [2ms]
2024-07-23 22:25:36.557 [info] > git status -z -uall [4ms]
2024-07-23 22:25:36.566 [info] > git for-each-ref --format=%(refname)%00%(upstream:short)%00%(objectname)%00%(upstream:track)%00%(upstream:remotename)%00%(upstream:remoteref) refs/heads/feature/shipping-address-change refs/remotes/feature/shipping-address-change [3ms]
2024-07-23 22:25:36.574 [info] > git config --local branch.feature/shipping-address-change.vscode-merge-base [2ms]
2024-07-23 22:25:36.581 [info] > git for-each-ref --format=%(refname)%00%(upstream:short)%00%(objectname)%00%(upstream:track)%00%(upstream:remotename)%00%(upstream:remoteref) refs/heads/origin/main refs/remotes/origin/main [2ms]
2024-07-23 22:25:36.902 [info] > git check-ignore -v -z --stdin [2ms]
2024-07-23 22:25:37.600 [info] > git config --get commit.template [5ms]
2024-07-23 22:25:37.601 [info] > git for-each-ref --format=%(refname)%00%(upstream:short)%00%(objectname)%00%(upstream:track)%00%(upstream:remotename)%00%(upstream:remoteref) refs/heads/feature/shipping-address-change refs/remotes/feature/shipping-address-change [1ms]
2024-07-23 22:25:37.609 [info] > git status -z -uall [3ms]
2024-07-23 22:25:37.617 [info] > git for-each-ref --format=%(refname)%00%(upstream:short)%00%(objectname)%00%(upstream:track)%00%(upstream:remotename)%00%(upstream:remoteref) refs/heads/feature/shipping-address-change refs/remotes/feature/shipping-address-change [2ms]
2024-07-23 22:25:37.624 [info] > git config --local branch.feature/shipping-address-change.vscode-merge-base [1ms]
2024-07-23 22:25:37.630 [info] > git for-each-ref --format=%(refname)%00%(upstream:short)%00%(objectname)%00%(upstream:track)%00%(upstream:remotename)%00%(upstream:remoteref) refs/heads/origin/main refs/remotes/origin/main [1ms]
2024-07-23 22:25:44.960 [info] > git check-ignore -v -z --stdin [2ms]
2024-07-23 22:25:46.342 [info] > git show --textconv :src/components/pages/OrderView.tsx [12ms]
2024-07-23 22:25:46.342 [info] > git ls-files --stage -- /home/charps/Documents/story_bug/alt/src/components/pages/OrderView.tsx [2ms]
2024-07-23 22:25:46.353 [info] > git cat-file -s bf91f34e2476c50721b20464447eb6bd29fc679e [2ms]
2024-07-23 22:25:46.435 [info] > git check-ignore -v -z --stdin [2ms]
2024-07-23 22:25:55.586 [info] > git show --textconv :src/components/pages/reports/BooksByCountry.tsx [6ms]
2024-07-23 22:25:55.587 [info] > git ls-files --stage -- /home/charps/Documents/story_bug/alt/src/components/pages/reports/BooksByCountry.tsx [1ms]
2024-07-23 22:25:55.593 [info] > git cat-file -s 2b94a75cdc2b5706ff26db9a8595642dcae17b6e [2ms]
2024-07-23 22:25:55.848 [info] > git check-ignore -v -z --stdin [2ms]
