2024-06-25 18:55:14.156 [info] Started initializing default profile extensions in extensions installation folder. file:///home/charps/.vscode-oss/extensions
2024-06-25 18:55:14.324 [warning] Failed to create default profile extensions manifest in extensions installation folder. file:///home/charps/.vscode-oss/extensions Unable to create file 'vscode-userdata:/home/charps/.vscode-oss/extensions/extensions.json' that already exists when overwrite flag is not set
2024-06-25 18:55:14.324 [info] Completed initializing default profile extensions in extensions installation folder. file:///home/charps/.vscode-oss/extensions
2024-06-25 18:55:14.486 [error] [uncaught exception in sharedProcess]: Error: ENOENT: no such file or directory, stat '/home/charps/.vscode-oss/extensions/extensions.json.vsctmp': EntryNotFound (FileSystemError): Error: ENOENT: no such file or directory, stat '/home/charps/.vscode-oss/extensions/extensions.json.vsctmp'
    at c.create (/usr/lib/code/out/vs/code/node/sharedProcess/sharedProcessMain.js:53:19235)
    at m (/usr/lib/code/out/vs/code/node/sharedProcess/sharedProcessMain.js:53:19345)
    at t.hb (/usr/lib/code/out/vs/code/node/sharedProcess/sharedProcessMain.js:58:36685)
    at t.stat (/usr/lib/code/out/vs/code/node/sharedProcess/sharedProcessMain.js:58:29033)
    at async b.stat (/usr/lib/code/out/vs/code/node/sharedProcess/sharedProcessMain.js:58:14899)
    at async H.vb (/usr/lib/code/out/vs/code/node/sharedProcess/sharedProcessMain.js:104:117665)
2024-06-25 18:58:47.353 [info] Getting Manifest... asvetliakov.vscode-neovim
2024-06-25 18:58:47.586 [info] Installing extension: asvetliakov.vscode-neovim vscode-userdata:/home/charps/.vscode-oss/extensions/extensions.json
2024-06-25 18:58:49.907 [error] Could not load vsce-sign module Cannot find module '@vscode/vsce-sign'
Require stack:
- /usr/lib/code/out/bootstrap-amd.js
- /usr/lib/code/out/bootstrap-fork.js
2024-06-25 18:58:49.907 [info] Extension signature verification is not done: asvetliakov.vscode-neovim
2024-06-25 18:58:50.005 [info] Extracted extension to file:///home/charps/.vscode-oss/extensions/asvetliakov.vscode-neovim-1.17.2-universal: asvetliakov.vscode-neovim
2024-06-25 18:58:50.010 [info] Renamed to /home/charps/.vscode-oss/extensions/asvetliakov.vscode-neovim-1.17.2-universal
2024-06-25 18:58:50.101 [info] Extension installed successfully: asvetliakov.vscode-neovim vscode-userdata:/home/charps/.vscode-oss/extensions/extensions.json
2024-06-25 18:58:50.105 [error] [uncaught exception in sharedProcess]: Error: ENOENT: no such file or directory, stat '/home/charps/.vscode-oss/extensions/extensions.json.vsctmp': EntryNotFound (FileSystemError): Error: ENOENT: no such file or directory, stat '/home/charps/.vscode-oss/extensions/extensions.json.vsctmp'
    at c.create (/usr/lib/code/out/vs/code/node/sharedProcess/sharedProcessMain.js:53:19235)
    at m (/usr/lib/code/out/vs/code/node/sharedProcess/sharedProcessMain.js:53:19345)
    at t.hb (/usr/lib/code/out/vs/code/node/sharedProcess/sharedProcessMain.js:58:36685)
    at t.stat (/usr/lib/code/out/vs/code/node/sharedProcess/sharedProcessMain.js:58:29033)
    at async b.stat (/usr/lib/code/out/vs/code/node/sharedProcess/sharedProcessMain.js:58:14899)
    at async H.vb (/usr/lib/code/out/vs/code/node/sharedProcess/sharedProcessMain.js:104:117665)
