2024-06-25 18:55:13.628 [info] Added views:workbench.panel.markers.view in workbench.panel.markers
2024-06-25 18:55:13.628 [info] Added views:workbench.panel.output in workbench.panel.output
2024-06-25 18:55:13.628 [info] Added views:terminal in terminal
2024-06-25 18:55:13.628 [info] Added views:outline in workbench.view.explorer
2024-06-25 18:55:13.628 [info] Added views:workbench.scm in workbench.view.scm
2024-06-25 18:55:13.628 [info] Added views:workbench.view.search in workbench.view.search
2024-06-25 18:55:13.628 [info] Added views:timeline in workbench.view.explorer
2024-06-25 18:55:13.628 [info] Added views:workbench.explorer.emptyView in workbench.view.explorer
2024-06-25 18:55:13.784 [info] Added views:workbench.debug.variablesView,workbench.debug.watchExpressionsView,workbench.debug.callStackView,workbench.debug.breakPointsView in workbench.view.debug
2024-06-25 18:55:14.474 [info] Added views:~remote.forwardedPorts in ~remote.forwardedPortsContainer
2024-06-25 18:55:14.548 [info] Added views:workbench.panel.repl.view in workbench.panel.repl
2024-06-25 18:55:14.549 [info] Removed views:workbench.debug.breakPointsView,workbench.debug.callStackView,workbench.debug.watchExpressionsView,workbench.debug.variablesView from workbench.view.debug
2024-06-25 18:55:14.549 [info] Added views:workbench.debug.welcome in workbench.view.debug
2024-06-25 18:55:27.092 [info] Added views:workbench.panel.markers.view in workbench.panel.markers
2024-06-25 18:55:27.092 [info] Added views:workbench.panel.output in workbench.panel.output
2024-06-25 18:55:27.092 [info] Added views:terminal in terminal
2024-06-25 18:55:27.092 [info] Added views:outline in workbench.view.explorer
2024-06-25 18:55:27.092 [info] Added views:workbench.scm in workbench.view.scm
2024-06-25 18:55:27.092 [info] Added views:workbench.view.search in workbench.view.search
2024-06-25 18:55:27.092 [info] Added views:timeline in workbench.view.explorer
2024-06-25 18:55:27.092 [info] Added views:workbench.explorer.fileView in workbench.view.explorer
2024-06-25 18:55:27.433 [info] Added views:workbench.debug.variablesView,workbench.debug.watchExpressionsView,workbench.debug.callStackView,workbench.debug.breakPointsView in workbench.view.debug
2024-06-25 18:55:27.479 [info] Added views:~remote.forwardedPorts in ~remote.forwardedPortsContainer
2024-06-25 18:55:27.664 [info] Added views:workbench.panel.repl.view in workbench.panel.repl
2024-06-25 18:55:27.665 [info] Removed views:workbench.debug.breakPointsView,workbench.debug.callStackView,workbench.debug.watchExpressionsView,workbench.debug.variablesView from workbench.view.debug
2024-06-25 18:55:27.666 [info] Added views:workbench.debug.welcome in workbench.view.debug
2024-06-25 18:58:13.028 [info] Added views:workbench.views.extensions.installed,workbench.views.extensions.popular,extensions.recommendedList in workbench.view.extensions
2024-06-25 18:58:13.034 [info] Removed views:workbench.views.extensions.popular from workbench.view.extensions
2024-06-25 18:58:13.358 [info] Added views:workbench.views.extensions.popular in workbench.view.extensions
2024-06-25 18:58:16.181 [info] Removed views:extensions.recommendedList,workbench.views.extensions.popular,workbench.views.extensions.installed from workbench.view.extensions
2024-06-25 18:58:16.194 [info] Added views:workbench.views.extensions.marketplace in workbench.view.extensions
2024-06-25 18:58:56.356 [info] Removed views:workbench.panel.repl.view from workbench.panel.repl
2024-06-25 18:58:56.489 [info] Added views:workbench.panel.repl.view in workbench.panel.repl
