2024-05-10 00:19:31 Loading main app package /usr/lib/obsidian/obsidian.asar
2024-05-10 00:19:31 Checking for update using Github
2024-05-10 00:19:31 Success.
2024-05-10 00:19:31 Latest version is 1.5.12
2024-05-10 00:19:31 App is up to date.
2024-05-10 00:19:48 Loading main app package /usr/lib/obsidian/obsidian.asar
2024-05-10 00:19:48 Checking for update using Github
2024-05-10 00:19:48 Success.
2024-05-10 00:19:48 Latest version is 1.5.12
2024-05-10 00:19:48 App is up to date.
2024-05-10 00:23:08 Loading main app package /usr/lib/obsidian/obsidian.asar
2024-05-10 00:23:08 Checking for update using Github
2024-05-10 00:23:08 Success.
2024-05-10 00:23:08 Latest version is 1.5.12
2024-05-10 00:23:08 App is up to date.
2024-05-10 00:27:42 Loading main app package /usr/lib/obsidian/obsidian.asar
2024-05-10 00:27:42 Checking for update using Github
2024-05-10 00:27:43 Success.
2024-05-10 00:27:43 Latest version is 1.5.12
2024-05-10 00:27:43 App is up to date.
2024-05-10 00:39:23 Loading main app package /usr/lib/obsidian/obsidian.asar
2024-05-10 00:39:24 Checking for update using Github
2024-05-10 00:39:39 Failed to check for update using Github (net::ERR_NETWORK_CHANGED)
2024-05-10 00:39:39 Checking for update using obsidian.md
2024-05-10 00:39:39 Failed to check for update using obsidian.md (net::ERR_INTERNET_DISCONNECTED)
2024-05-10 00:42:26 Loading main app package /usr/lib/obsidian/obsidian.asar
2024-05-10 00:42:26 Checking for update using Github
2024-05-10 00:42:26 Success.
2024-05-10 00:42:26 Latest version is 1.5.12
2024-05-10 00:42:26 App is up to date.
2024-05-10 00:44:40 Loading main app package /usr/lib/obsidian/obsidian.asar
2024-05-10 00:44:40 Checking for update using Github
2024-05-10 00:44:40 Success.
2024-05-10 00:44:40 Latest version is 1.5.12
2024-05-10 00:44:40 App is up to date.
2024-05-10 00:58:01 Loading main app package /usr/lib/obsidian/obsidian.asar
2024-05-10 00:58:01 Checking for update using Github
2024-05-10 00:58:01 Success.
2024-05-10 00:58:01 Latest version is 1.5.12
2024-05-10 00:58:01 App is up to date.
2024-05-10 17:51:51 Loading main app package /usr/lib/obsidian/obsidian.asar
2024-05-10 17:51:52 Checking for update using Github
2024-05-10 17:51:57 Success.
2024-05-10 17:51:57 Latest version is 1.5.12
2024-05-10 17:51:57 App is up to date.
2024-05-10 18:15:13 Loading main app package /usr/lib/obsidian/obsidian.asar
2024-05-10 18:15:13 Checking for update using Github
2024-05-10 18:15:13 Success.
2024-05-10 18:15:13 Latest version is 1.5.12
2024-05-10 18:15:13 App is up to date.
2024-05-10 18:19:42 Loading main app package /usr/lib/obsidian/obsidian.asar
2024-05-10 18:19:42 Checking for update using Github
2024-05-10 18:19:42 Success.
2024-05-10 18:19:42 Latest version is 1.5.12
2024-05-10 18:19:42 App is up to date.
2024-05-10 19:35:01 Loading main app package /usr/lib/obsidian/obsidian.asar
2024-05-10 19:35:01 Checking for update using Github
2024-05-10 19:35:02 Success.
2024-05-10 19:35:02 Latest version is 1.5.12
2024-05-10 19:35:02 App is up to date.
2024-05-10 20:35:01 Checking for update using Github
2024-05-10 20:35:02 Success.
2024-05-10 20:35:02 Latest version is 1.5.12
2024-05-10 20:35:02 App is up to date.
2024-05-10 21:35:01 Checking for update using Github
2024-05-10 21:35:06 Success.
2024-05-10 21:35:06 Latest version is 1.5.12
2024-05-10 21:35:06 App is up to date.
2024-05-10 21:36:25 Loading main app package /usr/lib/obsidian/obsidian.asar
2024-05-10 21:36:25 Checking for update using Github
2024-05-12 07:03:13 Loading main app package /usr/lib/obsidian/obsidian.asar
2024-05-12 07:03:13 Checking for update using Github
2024-05-12 07:03:14 Success.
2024-05-12 07:03:14 Latest version is 1.5.12
2024-05-12 07:03:14 App is up to date.
2024-05-12 07:25:48 Loading main app package /usr/lib/obsidian/obsidian.asar
2024-05-12 07:25:48 Checking for update using Github
2024-05-12 07:25:53 Success.
2024-05-12 07:25:53 Latest version is 1.5.12
2024-05-12 07:25:53 App is up to date.
2024-05-12 08:25:48 Checking for update using Github
2024-05-12 08:25:48 Success.
2024-05-12 08:25:48 Latest version is 1.5.12
2024-05-12 08:25:48 App is up to date.
2024-05-12 09:25:48 Checking for update using Github
2024-05-12 09:25:53 Success.
2024-05-12 09:25:53 Latest version is 1.5.12
2024-05-12 09:25:53 App is up to date.
2024-05-12 09:37:57 Loading main app package /usr/lib/obsidian/obsidian.asar
2024-05-12 09:37:57 Checking for update using Github
2024-05-12 09:37:57 Success.
2024-05-12 09:37:57 Latest version is 1.5.12
2024-05-12 09:37:57 App is up to date.
2024-05-12 09:38:00 Loading main app package /usr/lib/obsidian/obsidian.asar
2024-05-12 09:38:01 Checking for update using Github
2024-05-12 09:38:01 Success.
2024-05-12 09:38:01 Latest version is 1.5.12
2024-05-12 09:38:01 App is up to date.
2024-05-13 06:25:55 Loading main app package /usr/lib/obsidian/obsidian.asar
2024-05-13 06:25:55 Checking for update using Github
2024-05-13 06:25:55 Success.
2024-05-13 06:25:55 Latest version is 1.5.12
2024-05-13 06:25:55 App is up to date.
2024-05-13 07:25:55 Checking for update using Github
2024-05-13 07:25:55 Success.
2024-05-13 07:25:55 Latest version is 1.5.12
2024-05-13 07:25:55 App is up to date.
2024-05-13 08:02:25 Loading main app package /usr/lib/obsidian/obsidian.asar
2024-05-13 08:02:25 Checking for update using Github
2024-05-13 08:02:25 Success.
2024-05-13 08:02:25 Latest version is 1.5.12
2024-05-13 08:02:25 App is up to date.
2024-05-13 08:16:29 Loading main app package /usr/lib/obsidian/obsidian.asar
2024-05-13 08:16:29 Checking for update using Github
2024-05-13 09:45:36 Loading main app package /usr/lib/obsidian/obsidian.asar
2024-05-13 09:45:36 Checking for update using Github
2024-05-13 09:45:36 Success.
2024-05-13 09:45:36 Latest version is 1.5.12
2024-05-13 09:45:36 App is up to date.
2024-05-14 06:20:35 Loading main app package /usr/lib/obsidian/obsidian.asar
2024-05-14 06:20:36 Checking for update using Github
2024-05-14 06:20:36 Success.
2024-05-14 06:20:36 Latest version is 1.5.12
2024-05-14 06:20:36 App is up to date.
2024-05-14 06:20:41 Loading main app package /usr/lib/obsidian/obsidian.asar
2024-05-14 06:20:41 Checking for update using Github
2024-05-14 06:20:41 Success.
2024-05-14 06:20:41 Latest version is 1.5.12
2024-05-14 06:20:41 App is up to date.
2024-05-14 07:12:40 Loading main app package /usr/lib/obsidian/obsidian.asar
2024-05-14 07:12:41 Checking for update using Github
2024-05-14 07:12:41 Success.
2024-05-14 07:12:41 Latest version is 1.5.12
2024-05-14 07:12:41 App is up to date.
2024-05-14 07:13:28 Loading main app package /usr/lib/obsidian/obsidian.asar
2024-05-14 07:13:28 Checking for update using Github
2024-05-14 07:13:28 Success.
2024-05-14 07:13:28 Latest version is 1.5.12
2024-05-14 07:13:28 App is up to date.
2024-05-14 07:18:26 Loading main app package /usr/lib/obsidian/obsidian.asar
2024-05-14 07:18:26 Checking for update using Github
2024-05-14 07:18:26 Success.
2024-05-14 07:18:26 Latest version is 1.5.12
2024-05-14 07:18:26 App is up to date.
2024-05-14 07:21:46 Loading main app package /usr/lib/obsidian/obsidian.asar
2024-05-14 07:21:46 Checking for update using Github
2024-05-14 07:21:46 Success.
2024-05-14 07:21:46 Latest version is 1.5.12
2024-05-14 07:21:46 App is up to date.
2024-05-14 08:21:46 Checking for update using Github
2024-05-14 08:21:46 Success.
2024-05-14 08:21:46 Latest version is 1.5.12
2024-05-14 08:21:46 App is up to date.
2024-05-14 08:26:40 Loading main app package /usr/lib/obsidian/obsidian.asar
2024-05-14 08:26:40 Checking for update using Github
2024-05-14 09:21:46 Checking for update using Github
2024-05-14 09:21:46 Success.
2024-05-14 09:21:46 Latest version is 1.5.12
2024-05-14 09:21:46 App is up to date.
2024-05-14 09:42:13 Loading main app package /usr/lib/obsidian/obsidian.asar
2024-05-14 09:42:13 Checking for update using Github
2024-05-14 09:42:13 Success.
2024-05-14 09:42:13 Latest version is 1.5.12
2024-05-14 09:42:13 App is up to date.
2024-05-14 09:53:53 Loading main app package /usr/lib/obsidian/obsidian.asar
2024-05-14 09:53:54 Checking for update using Github
2024-05-14 09:53:54 Success.
2024-05-14 09:53:54 Latest version is 1.5.12
2024-05-14 09:53:54 App is up to date.
2024-05-14 10:17:19 Loading main app package /usr/lib/obsidian/obsidian.asar
2024-05-14 10:17:19 Checking for update using Github
2024-05-14 10:17:19 Success.
2024-05-14 10:17:19 Latest version is 1.5.12
2024-05-14 10:17:19 App is up to date.
2024-05-15 07:17:18 Loading main app package /usr/lib/obsidian/obsidian.asar
2024-05-15 07:17:18 Checking for update using Github
2024-05-15 07:17:19 Success.
2024-05-15 07:17:19 Latest version is 1.5.12
2024-05-15 07:17:19 App is up to date.
2024-05-15 08:17:18 Checking for update using Github
2024-05-15 08:17:19 Success.
2024-05-15 08:17:19 Latest version is 1.5.12
2024-05-15 08:17:19 App is up to date.
2024-05-18 07:03:17 Loading main app package /usr/lib/obsidian/obsidian.asar
2024-05-18 07:03:17 Checking for update using Github
2024-05-18 07:03:17 Success.
2024-05-18 07:03:17 Latest version is 1.5.12
2024-05-18 07:03:17 App is up to date.
2024-05-21 23:48:19 Loading main app package /usr/lib/obsidian/obsidian.asar
2024-05-21 23:48:19 Checking for update using Github
2024-05-21 23:48:19 Success.
2024-05-21 23:48:19 Latest version is 1.5.12
2024-05-21 23:48:19 App is up to date.
2024-05-22 00:05:22 Loading main app package /usr/lib/obsidian/obsidian.asar
2024-05-22 00:05:22 Checking for update using Github
2024-05-22 00:05:22 Success.
2024-05-22 00:05:22 Latest version is 1.5.12
2024-05-22 00:05:22 App is up to date.
2024-05-22 01:05:40 Loading main app package /usr/lib/obsidian/obsidian.asar
2024-05-22 01:05:40 Checking for update using Github
2024-05-22 01:05:40 Success.
2024-05-22 01:05:40 Latest version is 1.5.12
2024-05-22 01:05:40 App is up to date.
2024-05-22 01:51:43 Loading main app package /usr/lib/obsidian/obsidian.asar
2024-05-22 01:51:43 Checking for update using Github
2024-05-22 01:51:44 Success.
2024-05-22 01:51:44 Latest version is 1.5.12
2024-05-22 01:51:44 App is up to date.
2024-05-22 02:43:20 Loading main app package /usr/lib/obsidian/obsidian.asar
2024-05-22 02:43:20 Checking for update using Github
2024-05-22 02:43:20 Success.
2024-05-22 02:43:20 Latest version is 1.5.12
2024-05-22 02:43:20 App is up to date.
2024-05-22 21:53:46 Loading main app package /usr/lib/obsidian/obsidian.asar
2024-05-22 21:53:46 Checking for update using Github
2024-05-22 21:53:47 Success.
2024-05-22 21:53:47 Latest version is 1.5.12
2024-05-22 21:53:47 App is up to date.
2024-05-25 10:34:50 Loading main app package /usr/lib/obsidian/obsidian.asar
2024-05-25 10:34:51 Checking for update using Github
2024-05-25 10:34:51 Success.
2024-05-25 10:34:51 Latest version is 1.5.12
2024-05-25 10:34:51 App is up to date.
2024-05-25 11:34:50 Checking for update using Github
2024-05-25 11:34:51 Success.
2024-05-25 11:34:51 Latest version is 1.5.12
2024-05-25 11:34:51 App is up to date.
2024-05-25 20:55:56 Loading main app package /usr/lib/obsidian/obsidian.asar
2024-05-25 20:55:56 Checking for update using Github
2024-05-25 20:55:56 Success.
2024-05-25 20:55:56 Latest version is 1.5.12
2024-05-25 20:55:56 App is up to date.
2024-05-25 21:55:56 Checking for update using Github
2024-05-25 21:56:01 Success.
2024-05-25 21:56:01 Latest version is 1.5.12
2024-05-25 21:56:01 App is up to date.
2024-05-26 02:18:15 Loading main app package /usr/lib/obsidian/obsidian.asar
2024-05-26 02:18:16 Checking for update using Github
2024-05-26 02:18:21 Success.
2024-05-26 02:18:21 Latest version is 1.5.12
2024-05-26 02:18:21 App is up to date.
2024-05-27 22:18:25 Loading main app package /usr/lib/obsidian/obsidian.asar
2024-05-27 22:18:25 Checking for update using Github
2024-05-27 22:18:25 Success.
2024-05-27 22:18:25 Latest version is 1.5.12
2024-05-27 22:18:25 App is up to date.
2024-05-27 22:21:16 Loading main app package /usr/lib/obsidian/obsidian.asar
2024-05-27 22:21:16 Checking for update using Github
2024-05-27 22:21:16 Success.
2024-05-27 22:21:16 Latest version is 1.5.12
2024-05-27 22:21:16 App is up to date.
2024-05-27 23:15:24 Loading main app package /usr/lib/obsidian/obsidian.asar
2024-05-27 23:15:24 Checking for update using Github
2024-05-27 23:15:25 Success.
2024-05-27 23:15:25 Latest version is 1.5.12
2024-05-27 23:15:25 App is up to date.
2024-05-28 08:42:57 Loading main app package /usr/lib/obsidian/obsidian.asar
2024-05-28 08:42:57 Checking for update using Github
2024-05-28 08:42:57 Success.
2024-05-28 08:42:57 Latest version is 1.5.12
2024-05-28 08:42:57 App is up to date.
2024-05-28 11:21:11 Loading main app package /usr/lib/obsidian/obsidian.asar
2024-05-28 11:21:11 Checking for update using Github
2024-05-28 11:21:11 Success.
2024-05-28 11:21:11 Latest version is 1.5.12
2024-05-28 11:21:11 App is up to date.
2024-05-28 11:39:52 Loading main app package /usr/lib/obsidian/obsidian.asar
2024-05-28 11:39:52 Checking for update using Github
2024-05-29 06:51:34 Loading main app package /usr/lib/obsidian/obsidian.asar
2024-05-29 06:51:34 Checking for update using Github
2024-05-29 06:51:34 Success.
2024-05-29 06:51:34 Latest version is 1.5.12
2024-05-29 06:51:34 App is up to date.
2024-05-29 07:16:51 Loading main app package /usr/lib/obsidian/obsidian.asar
2024-05-29 07:16:51 Checking for update using Github
2024-05-29 07:16:51 Success.
2024-05-29 07:16:51 Latest version is 1.5.12
2024-05-29 07:16:51 App is up to date.
2024-05-29 09:34:50 Loading main app package /usr/lib/obsidian/obsidian.asar
2024-05-29 09:34:50 Checking for update using Github
2024-05-29 09:34:56 Success.
2024-05-29 09:34:56 Latest version is 1.5.12
2024-05-29 09:34:56 App is up to date.
2024-05-29 09:59:45 Loading main app package /usr/lib/obsidian/obsidian.asar
2024-05-29 09:59:45 Checking for update using Github
2024-05-29 09:59:45 Success.
2024-05-29 09:59:45 Latest version is 1.5.12
2024-05-29 09:59:45 App is up to date.
2024-05-29 10:34:10 Loading main app package /usr/lib/obsidian/obsidian.asar
2024-05-29 10:34:10 Checking for update using Github
2024-05-29 10:34:11 Success.
2024-05-29 10:34:11 Latest version is 1.5.12
2024-05-29 10:34:11 App is up to date.
2024-05-30 00:18:55 Loading main app package /usr/lib/obsidian/obsidian.asar
2024-05-30 00:18:55 Checking for update using Github
2024-05-30 00:18:55 Success.
2024-05-30 00:18:55 Latest version is 1.5.12
2024-05-30 00:18:55 App is up to date.
2024-05-30 00:41:52 Loading main app package /usr/lib/obsidian/obsidian.asar
2024-05-30 00:41:52 Checking for update using Github
2024-05-30 00:41:52 Success.
2024-05-30 00:41:52 Latest version is 1.5.12
2024-05-30 00:41:52 App is up to date.
2024-05-31 08:17:37 Loading main app package /usr/lib/obsidian/obsidian.asar
2024-05-31 08:17:37 Checking for update using Github
2024-05-31 08:17:37 Success.
2024-05-31 08:17:37 Latest version is 1.5.12
2024-05-31 08:17:37 App is up to date.
2024-06-01 05:25:41 Loading main app package /usr/lib/obsidian/obsidian.asar
2024-06-01 05:25:41 Checking for update using Github
2024-06-01 05:25:41 Success.
2024-06-01 05:25:41 Latest version is 1.5.12
2024-06-01 05:25:41 App is up to date.
2024-06-01 06:25:41 Checking for update using Github
2024-06-01 06:25:41 Success.
2024-06-01 06:25:41 Latest version is 1.5.12
2024-06-01 06:25:41 App is up to date.
2024-06-01 07:25:41 Checking for update using Github
2024-06-01 07:25:41 Success.
2024-06-01 07:25:41 Latest version is 1.5.12
2024-06-01 07:25:41 App is up to date.
2024-06-01 09:08:13 Loading main app package /usr/lib/obsidian/obsidian.asar
2024-06-01 09:08:13 Checking for update using Github
2024-06-01 09:08:13 Success.
2024-06-01 09:08:13 Latest version is 1.5.12
2024-06-01 09:08:13 App is up to date.
2024-06-01 09:55:20 Loading main app package /usr/lib/obsidian/obsidian.asar
2024-06-01 09:55:20 Checking for update using Github
2024-06-01 09:55:20 Success.
2024-06-01 09:55:20 Latest version is 1.5.12
2024-06-01 09:55:20 App is up to date.
2024-06-01 10:03:43 Loading main app package /usr/lib/obsidian/obsidian.asar
2024-06-01 10:03:43 Checking for update using Github
2024-06-01 10:03:43 Success.
2024-06-01 10:03:43 Latest version is 1.5.12
2024-06-01 10:03:43 App is up to date.
2024-06-01 11:03:43 Checking for update using Github
2024-06-01 11:03:43 Success.
2024-06-01 11:03:43 Latest version is 1.5.12
2024-06-01 11:03:43 App is up to date.
2024-06-01 12:03:43 Checking for update using Github
2024-06-01 12:03:43 Success.
2024-06-01 12:03:43 Latest version is 1.5.12
2024-06-01 12:03:43 App is up to date.
2024-06-02 01:59:16 Loading main app package /usr/lib/obsidian/obsidian.asar
2024-06-02 01:59:16 Checking for update using Github
2024-06-02 01:59:16 Success.
2024-06-02 01:59:16 Latest version is 1.5.12
2024-06-02 01:59:16 App is up to date.
2024-06-02 02:21:20 Loading main app package /usr/lib/obsidian/obsidian.asar
2024-06-02 02:21:20 Checking for update using Github
2024-06-02 02:21:20 Success.
2024-06-02 02:21:20 Latest version is 1.5.12
2024-06-02 02:21:20 App is up to date.
2024-06-02 07:19:30 Loading main app package /usr/lib/obsidian/obsidian.asar
2024-06-02 07:19:30 Checking for update using Github
2024-06-02 07:19:31 Success.
2024-06-02 07:19:31 Latest version is 1.5.12
2024-06-02 07:19:31 App is up to date.
2024-06-02 07:20:43 Loading main app package /usr/lib/obsidian/obsidian.asar
2024-06-02 07:20:44 Checking for update using Github
2024-06-02 07:20:44 Success.
2024-06-02 07:20:44 Latest version is 1.5.12
2024-06-02 07:20:44 App is up to date.
2024-06-02 08:20:43 Checking for update using Github
2024-06-02 08:20:44 Success.
2024-06-02 08:20:44 Latest version is 1.5.12
2024-06-02 08:20:44 App is up to date.
2024-06-02 09:31:39 Loading main app package /usr/lib/obsidian/obsidian.asar
2024-06-02 09:31:39 Checking for update using Github
2024-06-02 09:31:39 Success.
2024-06-02 09:31:39 Latest version is 1.5.12
2024-06-02 09:31:39 App is up to date.
2024-06-02 10:31:39 Checking for update using Github
2024-06-02 10:31:39 Success.
2024-06-02 10:31:39 Latest version is 1.5.12
2024-06-02 10:31:39 App is up to date.
2024-06-02 11:31:39 Checking for update using Github
2024-06-02 11:31:39 Success.
2024-06-02 11:31:39 Latest version is 1.5.12
2024-06-02 11:31:39 App is up to date.
2024-06-02 12:31:39 Checking for update using Github
2024-06-02 12:31:39 Success.
2024-06-02 12:31:39 Latest version is 1.5.12
2024-06-02 12:31:39 App is up to date.
2024-06-02 23:03:59 Loading main app package /usr/lib/obsidian/obsidian.asar
2024-06-02 23:03:59 Checking for update using Github
2024-06-02 23:03:59 Success.
2024-06-02 23:03:59 Latest version is 1.5.12
2024-06-02 23:03:59 App is up to date.
2024-06-02 23:08:27 Loading main app package /usr/lib/obsidian/obsidian.asar
2024-06-02 23:08:27 Checking for update using Github
2024-06-02 23:08:27 Success.
2024-06-02 23:08:27 Latest version is 1.5.12
2024-06-02 23:08:27 App is up to date.
2024-06-03 00:08:27 Checking for update using Github
2024-06-03 00:08:27 Success.
2024-06-03 00:08:27 Latest version is 1.5.12
2024-06-03 00:08:27 App is up to date.
2024-06-03 06:47:02 Loading main app package /usr/lib/obsidian/obsidian.asar
2024-06-03 06:47:02 Checking for update using Github
2024-06-03 06:47:02 Success.
2024-06-03 06:47:02 Latest version is 1.5.12
2024-06-03 06:47:02 App is up to date.
2024-06-03 08:40:23 Loading main app package /usr/lib/obsidian/obsidian.asar
2024-06-03 08:40:23 Checking for update using Github
2024-06-03 08:40:24 Success.
2024-06-03 08:40:24 Latest version is 1.5.12
2024-06-03 08:40:24 App is up to date.
2024-06-03 08:48:28 Loading main app package /usr/lib/obsidian/obsidian.asar
2024-06-03 08:48:29 Checking for update using Github
2024-06-03 08:48:29 Success.
2024-06-03 08:48:29 Latest version is 1.5.12
2024-06-03 08:48:29 App is up to date.
2024-06-03 09:09:32 Loading main app package /usr/lib/obsidian/obsidian.asar
2024-06-03 09:09:32 Checking for update using Github
2024-06-03 09:09:32 Success.
2024-06-03 09:09:32 Latest version is 1.5.12
2024-06-03 09:09:32 App is up to date.
2024-06-03 10:09:32 Checking for update using Github
2024-06-03 10:09:32 Success.
2024-06-03 10:09:32 Latest version is 1.5.12
2024-06-03 10:09:32 App is up to date.
2024-06-03 10:28:28 Loading main app package /usr/lib/obsidian/obsidian.asar
2024-06-03 10:28:28 Checking for update using Github
2024-06-03 10:28:28 Success.
2024-06-03 10:28:28 Latest version is 1.5.12
2024-06-03 10:28:28 App is up to date.
2024-06-03 11:58:23 Loading main app package /usr/lib/obsidian/obsidian.asar
2024-06-03 11:58:23 Checking for update using Github
2024-06-03 11:58:29 Loading main app package /usr/lib/obsidian/obsidian.asar
2024-06-03 11:58:29 Checking for update using Github
2024-06-03 11:58:34 Success.
2024-06-03 11:58:34 Latest version is 1.5.12
2024-06-03 11:58:34 App is up to date.
2024-06-04 00:46:21 Loading main app package /usr/lib/obsidian/obsidian.asar
2024-06-04 00:46:21 Checking for update using Github
2024-06-04 00:46:21 Success.
2024-06-04 00:46:21 Latest version is 1.5.12
2024-06-04 00:46:21 App is up to date.
2024-06-04 01:12:38 Loading main app package /usr/lib/obsidian/obsidian.asar
2024-06-04 01:12:38 Checking for update using Github
2024-06-04 01:16:25 Loading main app package /usr/lib/obsidian/obsidian.asar
2024-06-04 01:16:25 Checking for update using Github
2024-06-04 01:16:25 Success.
2024-06-04 01:16:25 Latest version is 1.5.12
2024-06-04 01:16:25 App is up to date.
2024-06-04 02:16:25 Checking for update using Github
2024-06-04 02:16:25 Success.
2024-06-04 02:16:25 Latest version is 1.5.12
2024-06-04 02:16:25 App is up to date.
2024-06-04 03:16:25 Checking for update using Github
2024-06-04 03:16:25 Success.
2024-06-04 03:16:25 Latest version is 1.5.12
2024-06-04 03:16:25 App is up to date.
2024-06-04 04:16:25 Checking for update using Github
2024-06-04 04:16:30 Success.
2024-06-04 04:16:30 Latest version is 1.5.12
2024-06-04 04:16:30 App is up to date.
2024-06-04 05:16:25 Checking for update using Github
2024-06-04 05:16:25 Failed to check for update using Github (net::ERR_INTERNET_DISCONNECTED)
2024-06-04 05:16:25 Checking for update using obsidian.md
2024-06-04 05:16:25 Failed to check for update using obsidian.md (net::ERR_INTERNET_DISCONNECTED)
2024-06-04 06:16:25 Checking for update using Github
2024-06-04 06:16:25 Success.
2024-06-04 06:16:25 Latest version is 1.5.12
2024-06-04 06:16:25 App is up to date.
2024-06-04 07:16:25 Checking for update using Github
2024-06-04 07:16:25 Success.
2024-06-04 07:16:25 Latest version is 1.5.12
2024-06-04 07:16:25 App is up to date.
2024-06-04 08:16:25 Checking for update using Github
2024-06-04 08:16:25 Success.
2024-06-04 08:16:25 Latest version is 1.5.12
2024-06-04 08:16:25 App is up to date.
2024-06-04 08:47:04 Loading main app package /usr/lib/obsidian/obsidian.asar
2024-06-04 08:47:04 Checking for update using Github
2024-06-04 08:47:04 Success.
2024-06-04 08:47:04 Latest version is 1.5.12
2024-06-04 08:47:04 App is up to date.
2024-06-04 09:21:06 Loading main app package /usr/lib/obsidian/obsidian.asar
2024-06-04 09:21:06 Checking for update using Github
2024-06-04 09:47:04 Checking for update using Github
2024-06-04 09:47:04 Success.
2024-06-04 09:47:04 Latest version is 1.5.12
2024-06-04 09:47:04 App is up to date.
2024-06-04 10:14:41 Loading main app package /usr/lib/obsidian/obsidian.asar
2024-06-04 10:14:41 Checking for update using Github
2024-06-04 10:14:41 Success.
2024-06-04 10:14:41 Latest version is 1.5.12
2024-06-04 10:14:41 App is up to date.
2024-06-05 06:32:18 Loading main app package /usr/lib/obsidian/obsidian.asar
2024-06-05 06:32:18 Checking for update using Github
2024-06-05 06:32:19 Success.
2024-06-05 06:32:19 Latest version is 1.5.12
2024-06-05 06:32:19 App is up to date.
2024-06-05 07:32:18 Checking for update using Github
2024-06-05 07:32:18 Success.
2024-06-05 07:32:18 Latest version is 1.5.12
2024-06-05 07:32:18 App is up to date.
2024-06-05 08:32:18 Checking for update using Github
2024-06-05 08:32:19 Success.
2024-06-05 08:32:19 Latest version is 1.5.12
2024-06-05 08:32:19 App is up to date.
2024-06-05 08:39:25 Loading main app package /usr/lib/obsidian/obsidian.asar
2024-06-05 08:39:25 Checking for update using Github
2024-06-05 08:39:25 Success.
2024-06-05 08:39:25 Latest version is 1.5.12
2024-06-05 08:39:25 App is up to date.
2024-06-05 09:39:25 Checking for update using Github
2024-06-05 09:39:25 Success.
2024-06-05 09:39:25 Latest version is 1.5.12
2024-06-05 09:39:25 App is up to date.
2024-06-05 10:09:48 Loading main app package /usr/lib/obsidian/obsidian.asar
2024-06-05 10:09:48 Checking for update using Github
2024-06-05 10:09:48 Success.
2024-06-05 10:09:48 Latest version is 1.5.12
2024-06-05 10:09:48 App is up to date.
2024-06-05 10:23:45 Loading main app package /usr/lib/obsidian/obsidian.asar
2024-06-05 10:23:45 Checking for update using Github
2024-06-05 10:23:45 Success.
2024-06-05 10:23:45 Latest version is 1.5.12
2024-06-05 10:23:45 App is up to date.
2024-06-05 11:36:26 Loading main app package /usr/lib/obsidian/obsidian.asar
2024-06-05 11:36:26 Checking for update using Github
2024-06-05 11:36:27 Success.
2024-06-05 11:36:27 Latest version is 1.5.12
2024-06-05 11:36:27 App is up to date.
2024-06-06 01:19:11 Loading main app package /usr/lib/obsidian/obsidian.asar
2024-06-06 01:19:12 Checking for update using Github
2024-06-06 01:19:12 Success.
2024-06-06 01:19:12 Latest version is 1.5.12
2024-06-06 01:19:12 App is up to date.
2024-06-06 02:36:44 Loading main app package /usr/lib/obsidian/obsidian.asar
2024-06-06 02:36:44 Checking for update using Github
2024-06-06 02:36:44 Success.
2024-06-06 02:36:44 Latest version is 1.5.12
2024-06-06 02:36:44 App is up to date.
2024-06-06 03:09:27 Loading main app package /usr/lib/obsidian/obsidian.asar
2024-06-06 03:09:27 Checking for update using Github
2024-06-06 03:09:27 Success.
2024-06-06 03:09:27 Latest version is 1.5.12
2024-06-06 03:09:27 App is up to date.
2024-06-07 05:11:32 Loading main app package /usr/lib/obsidian/obsidian.asar
2024-06-07 05:11:32 Checking for update using Github
2024-06-07 05:11:37 Success.
2024-06-07 05:11:37 Latest version is 1.5.12
2024-06-07 05:11:37 App is up to date.
2024-06-07 06:28:04 Loading main app package /usr/lib/obsidian/obsidian.asar
2024-06-07 06:28:04 Checking for update using Github
2024-06-07 06:28:05 Success.
2024-06-07 06:28:05 Latest version is 1.5.12
2024-06-07 06:28:05 App is up to date.
2024-06-08 04:18:01 Loading main app package /usr/lib/obsidian/obsidian.asar
2024-06-08 04:18:01 Checking for update using Github
2024-06-08 04:18:06 Success.
2024-06-08 04:18:06 Latest version is 1.6.2
2024-06-08 04:18:06 Downloading update from https://github.com/obsidianmd/obsidian-releases/releases/download/v1.6.2/obsidian-1.6.2.asar.gz
2024-06-08 04:18:13 Verifying hash & signature. Size= 8794467
2024-06-08 04:18:13 Saving file
2024-06-08 04:18:13 Update complete.
2024-06-08 05:53:39 Loading updated app package /home/charps/.config/obsidian/obsidian-1.6.2.asar
2024-06-08 05:53:40 Checking for update using Github
2024-06-08 05:53:40 Success.
2024-06-08 05:53:40 Latest version is 1.6.2
2024-06-08 05:53:40 App is up to date.
2024-06-08 07:10:26 Loading updated app package /home/charps/.config/obsidian/obsidian-1.6.2.asar
2024-06-08 07:10:26 Checking for update using Github
2024-06-08 07:10:26 Success.
2024-06-08 07:10:26 Latest version is 1.6.2
2024-06-08 07:10:26 App is up to date.
2024-06-08 07:58:27 Loading updated app package /home/charps/.config/obsidian/obsidian-1.6.2.asar
2024-06-08 07:58:27 Checking for update using Github
2024-06-08 07:58:27 Success.
2024-06-08 07:58:27 Latest version is 1.6.2
2024-06-08 07:58:27 App is up to date.
2024-06-08 08:05:56 Loading updated app package /home/charps/.config/obsidian/obsidian-1.6.2.asar
2024-06-08 08:05:57 Checking for update using Github
2024-06-08 08:05:57 Success.
2024-06-08 08:05:57 Latest version is 1.6.2
2024-06-08 08:05:57 App is up to date.
2024-06-08 23:06:14 Loading updated app package /home/charps/.config/obsidian/obsidian-1.6.2.asar
2024-06-08 23:06:15 Checking for update using Github
2024-06-08 23:06:20 Success.
2024-06-08 23:06:20 Latest version is 1.6.3
2024-06-08 23:06:20 Downloading update from https://github.com/obsidianmd/obsidian-releases/releases/download/v1.6.3/obsidian-1.6.3.asar.gz
2024-06-08 23:06:22 Verifying hash & signature. Size= 8794449
2024-06-08 23:06:22 Saving file
2024-06-08 23:06:22 Update complete.
2024-06-09 01:26:09 Loading main app package /usr/lib/obsidian/obsidian.asar
2024-06-09 01:26:09 Checking for update using Github
2024-06-09 01:26:09 Success.
2024-06-09 01:26:09 Latest version is 1.6.3
2024-06-09 01:26:09 App is up to date.
2024-06-09 02:26:09 Checking for update using Github
2024-06-09 02:26:14 Success.
2024-06-09 02:26:14 Latest version is 1.6.3
2024-06-09 02:26:14 App is up to date.
2024-06-09 03:26:09 Checking for update using Github
2024-06-09 03:26:09 Success.
2024-06-09 03:26:09 Latest version is 1.6.3
2024-06-09 03:26:09 App is up to date.
2024-06-09 04:26:09 Checking for update using Github
2024-06-09 04:26:09 Success.
2024-06-09 04:26:09 Latest version is 1.6.3
2024-06-09 04:26:09 App is up to date.
2024-06-09 05:26:09 Checking for update using Github
2024-06-09 05:26:09 Success.
2024-06-09 05:26:09 Latest version is 1.6.3
2024-06-09 05:26:09 App is up to date.
2024-06-09 06:26:09 Checking for update using Github
2024-06-09 06:26:09 Success.
2024-06-09 06:26:09 Latest version is 1.6.3
2024-06-09 06:26:09 App is up to date.
2024-06-09 07:26:09 Checking for update using Github
2024-06-09 07:26:09 Success.
2024-06-09 07:26:09 Latest version is 1.6.3
2024-06-09 07:26:09 App is up to date.
2024-06-09 08:26:09 Checking for update using Github
2024-06-09 08:26:10 Success.
2024-06-09 08:26:10 Latest version is 1.6.3
2024-06-09 08:26:10 App is up to date.
2024-06-09 23:37:33 Loading main app package /usr/lib/obsidian/obsidian.asar
2024-06-09 23:37:33 Checking for update using Github
2024-06-09 23:37:33 Success.
2024-06-09 23:37:33 Latest version is 1.6.3
2024-06-09 23:37:33 App is up to date.
2024-06-10 02:39:41 Loading main app package /usr/lib/obsidian/obsidian.asar
2024-06-10 02:39:41 Checking for update using Github
2024-06-10 02:39:46 Success.
2024-06-10 02:39:46 Latest version is 1.6.3
2024-06-10 02:39:46 App is up to date.
2024-06-10 06:05:54 Loading main app package /usr/lib/obsidian/obsidian.asar
2024-06-10 06:05:54 Checking for update using Github
2024-06-10 06:05:54 Success.
2024-06-10 06:05:54 Latest version is 1.6.3
2024-06-10 06:05:54 App is up to date.
2024-06-10 06:42:05 Loading main app package /usr/lib/obsidian/obsidian.asar
2024-06-10 06:42:05 Checking for update using Github
2024-06-10 06:42:05 Success.
2024-06-10 06:42:05 Latest version is 1.6.3
2024-06-10 06:42:05 App is up to date.
2024-06-10 11:34:03 Loading main app package /usr/lib/obsidian/obsidian.asar
2024-06-10 11:34:03 Checking for update using Github
2024-06-10 11:34:04 Success.
2024-06-10 11:34:04 Latest version is 1.6.3
2024-06-10 11:34:04 App is up to date.
2024-06-10 22:37:18 Loading main app package /usr/lib/obsidian/obsidian.asar
2024-06-10 22:37:18 Checking for update using Github
2024-06-10 22:37:18 Success.
2024-06-10 22:37:18 Latest version is 1.6.3
2024-06-10 22:37:18 App is up to date.
2024-06-10 23:23:11 Loading main app package /usr/lib/obsidian/obsidian.asar
2024-06-10 23:23:11 Checking for update using Github
2024-06-10 23:23:16 Success.
2024-06-10 23:23:16 Latest version is 1.6.3
2024-06-10 23:23:16 App is up to date.
2024-06-12 08:49:51 Loading main app package /usr/lib/obsidian/obsidian.asar
2024-06-12 08:49:51 Checking for update using Github
2024-06-12 08:49:57 Success.
2024-06-12 08:49:57 Latest version is 1.6.3
2024-06-12 08:49:57 App is up to date.
2024-06-13 01:44:33 Loading main app package /usr/lib/obsidian/obsidian.asar
2024-06-13 01:44:33 Checking for update using Github
2024-06-13 01:44:33 Success.
2024-06-13 01:44:33 Latest version is 1.6.3
2024-06-13 01:44:33 App is up to date.
2024-06-13 02:26:41 Loading main app package /usr/lib/obsidian/obsidian.asar
2024-06-13 02:26:41 Checking for update using Github
2024-06-13 02:26:41 Success.
2024-06-13 02:26:41 Latest version is 1.6.3
2024-06-13 02:26:41 App is up to date.
2024-06-13 03:26:41 Checking for update using Github
2024-06-13 03:26:41 Success.
2024-06-13 03:26:41 Latest version is 1.6.3
2024-06-13 03:26:41 App is up to date.
2024-06-13 04:26:41 Checking for update using Github
2024-06-13 04:26:41 Success.
2024-06-13 04:26:41 Latest version is 1.6.3
2024-06-13 04:26:41 App is up to date.
2024-06-13 05:26:41 Checking for update using Github
2024-06-13 05:26:41 Success.
2024-06-13 05:26:41 Latest version is 1.6.3
2024-06-13 05:26:41 App is up to date.
2024-06-14 04:22:02 Loading main app package /usr/lib/obsidian/obsidian.asar
2024-06-14 04:22:02 Checking for update using Github
2024-06-14 04:22:03 Success.
2024-06-14 04:22:03 Latest version is 1.6.3
2024-06-14 04:22:03 App is up to date.
2024-06-15 05:06:42 Loading main app package /usr/lib/obsidian/obsidian.asar
2024-06-15 05:06:42 Checking for update using Github
2024-06-15 05:06:42 Success.
2024-06-15 05:06:42 Latest version is 1.6.3
2024-06-15 05:06:42 App is up to date.
2024-06-15 05:28:58 Loading main app package /usr/lib/obsidian/obsidian.asar
2024-06-15 05:28:59 Checking for update using Github
2024-06-15 05:28:59 Success.
2024-06-15 05:28:59 Latest version is 1.6.3
2024-06-15 05:28:59 App is up to date.
2024-06-17 23:04:29 Loading main app package /usr/lib/obsidian/obsidian.asar
2024-06-17 23:04:29 Checking for update using Github
2024-06-17 23:04:30 Success.
2024-06-17 23:04:30 Latest version is 1.6.3
2024-06-17 23:04:30 App is up to date.
2024-06-17 23:14:32 Loading main app package /usr/lib/obsidian/obsidian.asar
2024-06-17 23:14:32 Checking for update using Github
2024-06-17 23:14:32 Success.
2024-06-17 23:14:32 Latest version is 1.6.3
2024-06-17 23:14:32 App is up to date.
2024-06-17 23:27:26 Loading main app package /usr/lib/obsidian/obsidian.asar
2024-06-17 23:27:26 Checking for update using Github
2024-06-17 23:27:31 Success.
2024-06-17 23:27:31 Latest version is 1.6.3
2024-06-17 23:27:31 App is up to date.
2024-06-17 23:29:48 Loading main app package /usr/lib/obsidian/obsidian.asar
2024-06-17 23:29:48 Checking for update using Github
2024-06-17 23:29:48 Success.
2024-06-17 23:29:48 Latest version is 1.6.3
2024-06-17 23:29:48 App is up to date.
2024-06-18 10:37:39 Loading main app package /usr/lib/obsidian/obsidian.asar
2024-06-18 10:37:39 Checking for update using Github
2024-06-18 10:37:45 Success.
2024-06-18 10:37:45 Latest version is 1.6.3
2024-06-18 10:37:45 App is up to date.
2024-06-19 00:09:27 Loading main app package /usr/lib/obsidian/obsidian.asar
2024-06-19 00:09:27 Checking for update using Github
2024-06-19 00:09:27 Success.
2024-06-19 00:09:27 Latest version is 1.6.3
2024-06-19 00:09:27 App is up to date.
2024-06-19 00:38:21 Loading main app package /usr/lib/obsidian/obsidian.asar
2024-06-19 00:38:21 Checking for update using Github
2024-06-19 00:38:21 Success.
2024-06-19 00:38:21 Latest version is 1.6.3
2024-06-19 00:38:21 App is up to date.
2024-06-19 06:15:10 Loading main app package /usr/lib/obsidian/obsidian.asar
2024-06-19 06:15:11 Checking for update using Github
2024-06-19 06:15:16 Success.
2024-06-19 06:15:16 Latest version is 1.6.3
2024-06-19 06:15:16 App is up to date.
2024-06-19 22:20:28 Loading main app package /usr/lib/obsidian/obsidian.asar
2024-06-19 22:20:29 Checking for update using Github
2024-06-19 22:20:30 Success.
2024-06-19 22:20:30 Latest version is 1.6.3
2024-06-19 22:20:30 App is up to date.
2024-06-19 23:27:35 Loading main app package /usr/lib/obsidian/obsidian.asar
2024-06-19 23:27:36 Checking for update using Github
2024-06-19 23:27:36 Success.
2024-06-19 23:27:36 Latest version is 1.6.3
2024-06-19 23:27:36 App is up to date.
2024-06-23 09:56:40 Loading main app package /usr/lib/obsidian/obsidian.asar
2024-06-23 09:56:40 Checking for update using Github
2024-06-23 09:56:41 Success.
2024-06-23 09:56:41 Latest version is 1.6.3
2024-06-23 09:56:41 App is up to date.
2024-06-23 11:28:36 Loading main app package /usr/lib/obsidian/obsidian.asar
2024-06-23 11:28:37 Checking for update using Github
2024-06-23 11:28:37 Success.
2024-06-23 11:28:37 Latest version is 1.6.3
2024-06-23 11:28:37 App is up to date.
2024-06-23 23:02:25 Loading main app package /usr/lib/obsidian/obsidian.asar
2024-06-23 23:02:25 Checking for update using Github
2024-06-23 23:02:25 Success.
2024-06-23 23:02:25 Latest version is 1.6.3
2024-06-23 23:02:25 App is up to date.
2024-06-23 23:12:03 Loading main app package /usr/lib/obsidian/obsidian.asar
2024-06-23 23:12:03 Checking for update using Github
2024-06-24 00:02:25 Checking for update using Github
2024-06-24 00:02:25 Success.
2024-06-24 00:02:25 Latest version is 1.6.3
2024-06-24 00:02:25 App is up to date.
2024-06-24 01:35:37 Loading main app package /usr/lib/obsidian/obsidian.asar
2024-06-24 01:35:37 Checking for update using Github
2024-06-24 01:35:37 Success.
2024-06-24 01:35:37 Latest version is 1.6.3
2024-06-24 01:35:37 App is up to date.
2024-06-24 09:23:31 Loading main app package /usr/lib/obsidian/obsidian.asar
2024-06-24 09:23:31 Checking for update using Github
2024-06-24 09:23:31 Success.
2024-06-24 09:23:31 Latest version is 1.6.3
2024-06-24 09:23:31 App is up to date.
2024-06-24 10:19:17 Loading main app package /usr/lib/obsidian/obsidian.asar
2024-06-24 10:19:17 Checking for update using Github
2024-06-24 10:19:18 Success.
2024-06-24 10:19:18 Latest version is 1.6.3
2024-06-24 10:19:18 App is up to date.
2024-06-24 11:19:17 Checking for update using Github
2024-06-24 11:19:17 Success.
2024-06-24 11:19:17 Latest version is 1.6.3
2024-06-24 11:19:17 App is up to date.
2024-06-26 02:56:20 Loading main app package /usr/lib/obsidian/obsidian.asar
2024-06-26 02:56:20 Checking for update using Github
2024-06-26 02:56:21 Success.
2024-06-26 02:56:21 Latest version is 1.6.5
2024-06-26 02:56:21 Downloading update from https://github.com/obsidianmd/obsidian-releases/releases/download/v1.6.5/obsidian-1.6.5.asar.gz
2024-06-26 02:56:28 Verifying hash & signature. Size= 8839622
2024-06-26 02:56:28 Saving file
2024-06-26 02:56:28 Update complete.
2024-06-28 01:40:06 Loading main app package /usr/lib/obsidian/obsidian.asar
2024-06-28 01:40:06 Checking for update using Github
2024-06-28 01:40:07 Success.
2024-06-28 01:40:07 Latest version is 1.6.5
2024-06-28 01:40:07 App is up to date.
2024-07-09 09:40:39 Loading main app package /usr/lib/obsidian/obsidian.asar
2024-07-09 09:40:40 Checking for update using Github
2024-07-09 09:40:40 Success.
2024-07-09 09:40:40 Latest version is 1.6.5
2024-07-09 09:40:40 App is up to date.
2024-07-14 09:39:29 Loading main app package /usr/lib/obsidian/obsidian.asar
2024-07-14 09:39:29 Checking for update using Github
2024-07-14 09:39:29 Success.
2024-07-14 09:39:29 Latest version is 1.6.5
2024-07-14 09:39:29 App is up to date.
2024-07-14 09:41:01 Loading main app package /usr/lib/obsidian/obsidian.asar
2024-07-14 09:41:02 Checking for update using Github
2024-07-14 09:41:02 Success.
2024-07-14 09:41:02 Latest version is 1.6.5
2024-07-14 09:41:02 App is up to date.
2024-07-14 09:41:18 Loading main app package /usr/lib/obsidian/obsidian.asar
2024-07-14 09:41:18 Checking for update using Github
2024-07-14 09:41:18 Success.
2024-07-14 09:41:18 Latest version is 1.6.5
2024-07-14 09:41:18 App is up to date.
2024-07-14 09:48:49 Loading main app package /usr/lib/obsidian/obsidian.asar
2024-07-14 09:48:50 Checking for update using Github
2024-07-14 09:48:50 Success.
2024-07-14 09:48:50 Latest version is 1.6.5
2024-07-14 09:48:50 App is up to date.
2024-07-14 09:55:31 Loading main app package /usr/lib/obsidian/obsidian.asar
2024-07-14 09:55:32 Checking for update using Github
2024-07-14 09:55:32 Success.
2024-07-14 09:55:32 Latest version is 1.6.5
2024-07-14 09:55:32 App is up to date.
2024-07-14 10:55:32 Checking for update using Github
2024-07-14 10:55:32 Success.
2024-07-14 10:55:32 Latest version is 1.6.5
2024-07-14 10:55:32 App is up to date.
2024-07-14 11:55:32 Checking for update using Github
2024-07-14 11:55:32 Success.
2024-07-14 11:55:32 Latest version is 1.6.5
2024-07-14 11:55:32 App is up to date.
2024-07-15 06:36:47 Loading main app package /usr/lib/obsidian/obsidian.asar
2024-07-15 06:36:47 Checking for update using Github
2024-07-15 06:36:47 Success.
2024-07-15 06:36:47 Latest version is 1.6.5
2024-07-15 06:36:47 App is up to date.
2024-07-15 07:02:07 Loading main app package /usr/lib/obsidian/obsidian.asar
2024-07-15 07:02:07 Checking for update using Github
2024-07-15 07:02:08 Success.
2024-07-15 07:02:08 Latest version is 1.6.5
2024-07-15 07:02:08 App is up to date.
2024-07-15 07:21:04 Loading main app package /usr/lib/obsidian/obsidian.asar
2024-07-15 07:21:05 Checking for update using Github
2024-07-15 07:21:05 Success.
2024-07-15 07:21:05 Latest version is 1.6.5
2024-07-15 07:21:05 App is up to date.
2024-07-15 11:58:49 Loading main app package /usr/lib/obsidian/obsidian.asar
2024-07-15 11:58:50 Checking for update using Github
2024-07-15 11:58:50 Success.
2024-07-15 11:58:50 Latest version is 1.6.5
2024-07-15 11:58:50 App is up to date.
2024-07-16 04:26:10 Loading main app package /usr/lib/obsidian/obsidian.asar
2024-07-16 04:26:10 Checking for update using Github
2024-07-16 04:26:10 Success.
2024-07-16 04:26:10 Latest version is 1.6.5
2024-07-16 04:26:10 App is up to date.
2024-07-16 10:20:42 Loading main app package /usr/lib/obsidian/obsidian.asar
2024-07-16 10:20:42 Checking for update using Github
2024-07-16 10:20:47 Success.
2024-07-16 10:20:47 Latest version is 1.6.5
2024-07-16 10:20:47 App is up to date.
2024-07-16 11:04:55 Loading main app package /usr/lib/obsidian/obsidian.asar
2024-07-16 11:04:55 Checking for update using Github
2024-07-16 11:04:56 Success.
2024-07-16 11:04:56 Latest version is 1.6.5
2024-07-16 11:04:56 App is up to date.
2024-07-17 05:51:50 Loading main app package /usr/lib/obsidian/obsidian.asar
2024-07-17 05:51:50 Checking for update using Github
2024-07-17 05:51:50 Success.
2024-07-17 05:51:50 Latest version is 1.6.5
2024-07-17 05:51:50 App is up to date.
2024-07-17 06:57:21 Loading main app package /usr/lib/obsidian/obsidian.asar
2024-07-17 06:57:21 Checking for update using Github
2024-07-17 06:57:22 Success.
2024-07-17 06:57:22 Latest version is 1.6.5
2024-07-17 06:57:22 App is up to date.
2024-07-17 07:57:21 Checking for update using Github
2024-07-17 07:57:21 Success.
2024-07-17 07:57:21 Latest version is 1.6.5
2024-07-17 07:57:21 App is up to date.
2024-07-17 09:03:07 Loading main app package /usr/lib/obsidian/obsidian.asar
2024-07-17 09:03:07 Checking for update using Github
2024-07-17 09:03:08 Success.
2024-07-17 09:03:08 Latest version is 1.6.5
2024-07-17 09:03:08 App is up to date.
2024-07-18 05:52:00 Loading main app package /usr/lib/obsidian/obsidian.asar
2024-07-18 05:52:00 Checking for update using Github
2024-07-18 05:52:01 Success.
2024-07-18 05:52:01 Latest version is 1.6.5
2024-07-18 05:52:01 App is up to date.
2024-07-18 06:52:00 Checking for update using Github
2024-07-18 06:52:00 Success.
2024-07-18 06:52:00 Latest version is 1.6.5
2024-07-18 06:52:00 App is up to date.
2024-07-18 07:52:00 Checking for update using Github
2024-07-18 07:52:05 Success.
2024-07-18 07:52:05 Latest version is 1.6.5
2024-07-18 07:52:05 App is up to date.
2024-07-18 08:52:00 Checking for update using Github
2024-07-18 08:52:00 Success.
2024-07-18 08:52:00 Latest version is 1.6.5
2024-07-18 08:52:00 App is up to date.
2024-07-18 09:52:00 Checking for update using Github
2024-07-18 09:52:00 Success.
2024-07-18 09:52:00 Latest version is 1.6.5
2024-07-18 09:52:00 App is up to date.
2024-07-18 10:52:00 Checking for update using Github
2024-07-18 10:52:01 Success.
2024-07-18 10:52:01 Latest version is 1.6.5
2024-07-18 10:52:01 App is up to date.
2024-07-18 11:47:47 Loading main app package /usr/lib/obsidian/obsidian.asar
2024-07-18 11:47:48 Checking for update using Github
2024-07-18 11:47:48 Success.
2024-07-18 11:47:48 Latest version is 1.6.5
2024-07-18 11:47:48 App is up to date.
2024-07-18 22:49:07 Loading main app package /usr/lib/obsidian/obsidian.asar
2024-07-18 22:49:07 Checking for update using Github
2024-07-18 22:49:07 Success.
2024-07-18 22:49:07 Latest version is 1.6.7
2024-07-18 22:49:07 Downloading update from https://github.com/obsidianmd/obsidian-releases/releases/download/v1.6.7/obsidian-1.6.7.asar.gz
2024-07-18 22:49:15 Verifying hash & signature. Size= 7993245
2024-07-18 22:49:15 Saving file
2024-07-18 22:49:15 Update complete.
2024-07-19 05:28:01 Loading updated app package /home/charps/.config/obsidian/obsidian-1.6.7.asar
2024-07-19 05:28:02 Checking for update using Github
2024-07-19 05:28:02 Success.
2024-07-19 05:28:02 Latest version is 1.6.7
2024-07-19 05:28:02 App is up to date.
2024-07-19 06:18:59 Loading updated app package /home/charps/.config/obsidian/obsidian-1.6.7.asar
2024-07-19 06:18:59 Checking for update using Github
2024-07-19 06:18:59 Success.
2024-07-19 06:18:59 Latest version is 1.6.7
2024-07-19 06:18:59 App is up to date.
2024-07-19 06:33:23 Loading updated app package /home/charps/.config/obsidian/obsidian-1.6.7.asar
2024-07-19 06:33:24 Checking for update using Github
2024-07-19 06:33:24 Success.
2024-07-19 06:33:24 Latest version is 1.6.7
2024-07-19 06:33:24 App is up to date.
2024-07-19 07:30:30 Loading updated app package /home/charps/.config/obsidian/obsidian-1.6.7.asar
2024-07-19 07:30:31 Checking for update using Github
2024-07-19 07:30:31 Success.
2024-07-19 07:30:31 Latest version is 1.6.7
2024-07-19 07:30:31 App is up to date.
2024-07-19 08:30:30 Checking for update using Github
2024-07-19 08:30:30 Success.
2024-07-19 08:30:30 Latest version is 1.6.7
2024-07-19 08:30:30 App is up to date.
2024-07-19 08:50:08 Loading updated app package /home/charps/.config/obsidian/obsidian-1.6.7.asar
2024-07-19 08:50:08 Checking for update using Github
2024-07-19 08:50:09 Success.
2024-07-19 08:50:09 Latest version is 1.6.7
2024-07-19 08:50:09 App is up to date.
2024-07-19 09:36:38 Loading updated app package /home/charps/.config/obsidian/obsidian-1.6.7.asar
2024-07-19 09:36:38 Checking for update using Github
2024-07-19 09:36:43 Success.
2024-07-19 09:36:43 Latest version is 1.6.7
2024-07-19 09:36:43 App is up to date.
2024-07-19 09:37:39 Loading updated app package /home/charps/.config/obsidian/obsidian-1.6.7.asar
2024-07-19 09:37:39 Checking for update using Github
2024-07-19 09:37:39 Success.
2024-07-19 09:37:39 Latest version is 1.6.7
2024-07-19 09:37:39 App is up to date.
2024-07-19 09:41:08 Loading updated app package /home/charps/.config/obsidian/obsidian-1.6.7.asar
2024-07-19 09:41:08 Checking for update using Github
2024-07-19 09:41:08 Success.
2024-07-19 09:41:08 Latest version is 1.6.7
2024-07-19 09:41:08 App is up to date.
2024-07-19 10:57:27 Loading updated app package /home/charps/.config/obsidian/obsidian-1.6.7.asar
2024-07-19 10:57:28 Checking for update using Github
2024-07-19 10:57:28 Success.
2024-07-19 10:57:28 Latest version is 1.6.7
2024-07-19 10:57:28 App is up to date.
2024-07-19 11:02:08 Loading updated app package /home/charps/.config/obsidian/obsidian-1.6.7.asar
2024-07-19 11:02:09 Checking for update using Github
2024-07-19 11:02:09 Success.
2024-07-19 11:02:09 Latest version is 1.6.7
2024-07-19 11:02:09 App is up to date.
2024-07-20 04:31:28 Loading updated app package /home/charps/.config/obsidian/obsidian-1.6.7.asar
2024-07-20 04:31:29 Checking for update using Github
2024-07-20 04:31:29 Success.
2024-07-20 04:31:29 Latest version is 1.6.7
2024-07-20 04:31:29 App is up to date.
2024-07-20 05:41:17 Loading updated app package /home/charps/.config/obsidian/obsidian-1.6.7.asar
2024-07-20 05:41:17 Checking for update using Github
2024-07-20 05:41:22 Success.
2024-07-20 05:41:22 Latest version is 1.6.7
2024-07-20 05:41:22 App is up to date.
2024-07-20 06:41:17 Checking for update using Github
2024-07-20 06:41:21 Success.
2024-07-20 06:41:21 Latest version is 1.6.7
2024-07-20 06:41:21 App is up to date.
2024-07-20 07:24:56 Loading updated app package /home/charps/.config/obsidian/obsidian-1.6.7.asar
2024-07-20 07:24:56 Checking for update using Github
2024-07-20 07:24:57 Success.
2024-07-20 07:24:57 Latest version is 1.6.7
2024-07-20 07:24:57 App is up to date.
2024-07-20 07:29:32 Loading updated app package /home/charps/.config/obsidian/obsidian-1.6.7.asar
2024-07-20 07:29:32 Checking for update using Github
2024-07-20 07:29:32 Success.
2024-07-20 07:29:32 Latest version is 1.6.7
2024-07-20 07:29:32 App is up to date.
2024-07-20 07:44:22 Loading updated app package /home/charps/.config/obsidian/obsidian-1.6.7.asar
2024-07-20 07:44:22 Checking for update using Github
2024-07-20 07:44:22 Success.
2024-07-20 07:44:22 Latest version is 1.6.7
2024-07-20 07:44:22 App is up to date.
2024-07-20 08:44:22 Checking for update using Github
2024-07-20 08:44:22 Success.
2024-07-20 08:44:22 Latest version is 1.6.7
2024-07-20 08:44:22 App is up to date.
2024-07-20 09:31:46 Loading updated app package /home/charps/.config/obsidian/obsidian-1.6.7.asar
2024-07-20 09:31:46 Checking for update using Github
2024-07-20 09:31:46 Success.
2024-07-20 09:31:46 Latest version is 1.6.7
2024-07-20 09:31:46 App is up to date.
2024-07-20 09:33:39 Loading updated app package /home/charps/.config/obsidian/obsidian-1.6.7.asar
2024-07-20 09:33:39 Checking for update using Github
2024-07-20 09:33:39 Success.
2024-07-20 09:33:39 Latest version is 1.6.7
2024-07-20 09:33:39 App is up to date.
2024-07-21 03:17:01 Loading updated app package /home/charps/.config/obsidian/obsidian-1.6.7.asar
2024-07-21 03:17:02 Checking for update using Github
2024-07-21 03:17:02 Success.
2024-07-21 03:17:02 Latest version is 1.6.7
2024-07-21 03:17:02 App is up to date.
2024-07-21 03:58:08 Loading updated app package /home/charps/.config/obsidian/obsidian-1.6.7.asar
2024-07-21 03:58:08 Checking for update using Github
2024-07-21 03:58:08 Success.
2024-07-21 03:58:08 Latest version is 1.6.7
2024-07-21 03:58:08 App is up to date.
2024-07-21 22:19:48 Loading updated app package /home/charps/.config/obsidian/obsidian-1.6.7.asar
2024-07-21 22:19:48 Checking for update using Github
2024-07-21 22:19:49 Success.
2024-07-21 22:19:49 Latest version is 1.6.7
2024-07-21 22:19:49 App is up to date.
2024-07-22 07:52:24 Loading updated app package /home/charps/.config/obsidian/obsidian-1.6.7.asar
2024-07-22 07:52:25 Checking for update using Github
2024-07-22 07:52:25 Success.
2024-07-22 07:52:25 Latest version is 1.6.7
2024-07-22 07:52:25 App is up to date.
2024-07-22 08:53:35 Loading updated app package /home/charps/.config/obsidian/obsidian-1.6.7.asar
2024-07-22 08:53:36 Checking for update using Github
2024-07-22 08:53:36 Success.
2024-07-22 08:53:36 Latest version is 1.6.7
2024-07-22 08:53:36 App is up to date.
2024-07-22 09:53:35 Checking for update using Github
2024-07-22 09:53:36 Success.
2024-07-22 09:53:36 Latest version is 1.6.7
2024-07-22 09:53:36 App is up to date.
2024-07-22 10:19:31 Loading main app package /usr/lib/obsidian/obsidian.asar
2024-07-22 10:19:31 Checking for update using Github
2024-07-22 10:19:31 Success.
2024-07-22 10:19:31 Latest version is 1.6.7
2024-07-22 10:19:31 App is up to date.
2024-07-22 11:24:17 Loading main app package /usr/lib/obsidian/obsidian.asar
2024-07-22 11:24:17 Checking for update using Github
2024-07-22 11:24:17 Success.
2024-07-22 11:24:17 Latest version is 1.6.7
2024-07-22 11:24:17 App is up to date.
2024-07-22 22:32:45 Loading main app package /usr/lib/obsidian/obsidian.asar
2024-07-22 22:32:45 Checking for update using Github
2024-07-22 22:32:50 Success.
2024-07-22 22:32:50 Latest version is 1.6.7
2024-07-22 22:32:50 App is up to date.
2024-07-23 10:14:18 Loading main app package /usr/lib/obsidian/obsidian.asar
2024-07-23 10:14:18 Checking for update using Github
2024-07-23 10:14:18 Success.
2024-07-23 10:14:18 Latest version is 1.6.7
2024-07-23 10:14:18 App is up to date.
2024-07-24 06:20:03 Loading main app package /usr/lib/obsidian/obsidian.asar
2024-07-24 06:20:04 Checking for update using Github
2024-07-24 06:20:04 Success.
2024-07-24 06:20:04 Latest version is 1.6.7
2024-07-24 06:20:04 App is up to date.
2024-07-24 07:30:21 Loading main app package /usr/lib/obsidian/obsidian.asar
2024-07-24 07:30:21 Checking for update using Github
2024-07-24 07:30:21 Success.
2024-07-24 07:30:21 Latest version is 1.6.7
2024-07-24 07:30:21 App is up to date.
2024-07-25 21:57:48 Loading main app package /usr/lib/obsidian/obsidian.asar
2024-07-25 21:57:49 Checking for update using Github
2024-07-25 21:57:49 Success.
2024-07-25 21:57:49 Latest version is 1.6.7
2024-07-25 21:57:49 App is up to date.
2024-07-26 05:52:20 Loading main app package /usr/lib/obsidian/obsidian.asar
2024-07-26 05:52:21 Checking for update using Github
2024-07-26 05:52:26 Success.
2024-07-26 05:52:26 Latest version is 1.6.7
2024-07-26 05:52:26 App is up to date.
2024-07-26 08:07:16 Loading main app package /usr/lib/obsidian/obsidian.asar
2024-07-26 08:07:16 Checking for update using Github
2024-07-26 08:07:16 Success.
2024-07-26 08:07:16 Latest version is 1.6.7
2024-07-26 08:07:16 App is up to date.
2024-07-26 08:08:34 Loading main app package /usr/lib/obsidian/obsidian.asar
2024-07-26 08:08:34 Checking for update using Github
2024-07-26 08:08:34 Success.
2024-07-26 08:08:34 Latest version is 1.6.7
2024-07-26 08:08:34 App is up to date.
2024-07-26 08:18:46 Loading main app package /usr/lib/obsidian/obsidian.asar
2024-07-26 08:18:46 Checking for update using Github
2024-07-26 08:18:47 Success.
2024-07-26 08:18:47 Latest version is 1.6.7
2024-07-26 08:18:47 App is up to date.
2024-07-26 09:26:37 Loading main app package /usr/lib/obsidian/obsidian.asar
2024-07-26 09:26:38 Checking for update using Github
2024-07-26 09:26:38 Success.
2024-07-26 09:26:38 Latest version is 1.6.7
2024-07-26 09:26:38 App is up to date.
2024-07-26 09:32:33 Loading main app package /usr/lib/obsidian/obsidian.asar
2024-07-26 09:32:34 Checking for update using Github
2024-07-26 09:32:34 Success.
2024-07-26 09:32:34 Latest version is 1.6.7
2024-07-26 09:32:34 App is up to date.
2024-07-27 07:21:46 Loading main app package /usr/lib/obsidian/obsidian.asar
2024-07-27 07:21:46 Checking for update using Github
2024-07-27 07:21:46 Success.
2024-07-27 07:21:46 Latest version is 1.6.7
2024-07-27 07:21:46 App is up to date.
2024-07-28 04:43:57 Loading main app package /usr/lib/obsidian/obsidian.asar
2024-07-28 04:43:58 Checking for update using Github
2024-07-28 04:43:58 Success.
2024-07-28 04:43:58 Latest version is 1.6.7
2024-07-28 04:43:58 App is up to date.
2024-07-28 04:46:00 Loading main app package /usr/lib/obsidian/obsidian.asar
2024-07-28 04:46:00 Checking for update using Github
2024-07-28 06:00:40 Loading main app package /usr/lib/obsidian/obsidian.asar
2024-07-28 06:00:40 Checking for update using Github
2024-07-28 06:00:40 Success.
2024-07-28 06:00:40 Latest version is 1.6.7
2024-07-28 06:00:40 App is up to date.
2024-07-28 06:51:59 Loading main app package /usr/lib/obsidian/obsidian.asar
2024-07-28 06:51:59 Checking for update using Github
2024-07-28 06:51:59 Success.
2024-07-28 06:51:59 Latest version is 1.6.7
2024-07-28 06:51:59 App is up to date.
2024-07-28 07:35:04 Loading main app package /usr/lib/obsidian/obsidian.asar
2024-07-28 07:35:04 Checking for update using Github
2024-07-28 07:35:04 Success.
2024-07-28 07:35:04 Latest version is 1.6.7
2024-07-28 07:35:04 App is up to date.
2024-07-28 07:42:45 Loading main app package /usr/lib/obsidian/obsidian.asar
2024-07-28 07:42:45 Checking for update using Github
2024-07-28 07:42:45 Success.
2024-07-28 07:42:45 Latest version is 1.6.7
2024-07-28 07:42:45 App is up to date.
2024-07-28 08:42:45 Checking for update using Github
2024-07-28 08:42:46 Success.
2024-07-28 08:42:46 Latest version is 1.6.7
2024-07-28 08:42:46 App is up to date.
2024-07-28 09:07:19 Loading main app package /usr/lib/obsidian/obsidian.asar
2024-07-28 09:07:19 Checking for update using Github
2024-07-28 09:07:20 Success.
2024-07-28 09:07:20 Latest version is 1.6.7
2024-07-28 09:07:20 App is up to date.
2024-07-28 09:32:24 Loading main app package /usr/lib/obsidian/obsidian.asar
2024-07-28 09:32:25 Checking for update using Github
2024-07-28 09:32:25 Success.
2024-07-28 09:32:25 Latest version is 1.6.7
2024-07-28 09:32:25 App is up to date.
2024-07-28 10:10:18 Loading main app package /usr/lib/obsidian/obsidian.asar
2024-07-28 10:10:19 Checking for update using Github
2024-07-28 10:32:24 Checking for update using Github
2024-07-28 10:32:30 Success.
2024-07-28 10:32:30 Latest version is 1.6.7
2024-07-28 10:32:30 App is up to date.
2024-07-28 10:56:35 Loading main app package /usr/lib/obsidian/obsidian.asar
2024-07-28 10:56:35 Checking for update using Github
2024-07-28 10:56:35 Success.
2024-07-28 10:56:35 Latest version is 1.6.7
2024-07-28 10:56:35 App is up to date.
2024-07-29 05:06:47 Loading main app package /usr/lib/obsidian/obsidian.asar
2024-07-29 05:06:48 Checking for update using Github
2024-07-29 05:06:48 Success.
2024-07-29 05:06:48 Latest version is 1.6.7
2024-07-29 05:06:48 App is up to date.
2024-07-29 05:11:55 Loading main app package /usr/lib/obsidian/obsidian.asar
2024-07-29 05:11:56 Checking for update using Github
2024-07-29 05:11:56 Success.
2024-07-29 05:11:56 Latest version is 1.6.7
2024-07-29 05:11:56 App is up to date.
2024-07-29 05:36:16 Loading main app package /usr/lib/obsidian/obsidian.asar
2024-07-29 05:36:17 Checking for update using Github
2024-07-29 05:36:17 Success.
2024-07-29 05:36:17 Latest version is 1.6.7
2024-07-29 05:36:17 App is up to date.
2024-07-29 06:21:53 Loading main app package /usr/lib/obsidian/obsidian.asar
2024-07-29 06:21:54 Checking for update using Github
2024-07-29 06:21:54 Success.
2024-07-29 06:21:54 Latest version is 1.6.7
2024-07-29 06:21:54 App is up to date.
2024-07-29 07:05:21 Loading main app package /usr/lib/obsidian/obsidian.asar
2024-07-29 07:05:22 Checking for update using Github
2024-07-29 07:06:06 Failed to check for update using Github (net::ERR_NAME_NOT_RESOLVED)
2024-07-29 07:06:06 Checking for update using obsidian.md
2024-07-29 07:06:06 Failed to check for update using obsidian.md (net::ERR_INTERNET_DISCONNECTED)
2024-07-29 08:39:12 Loading main app package /usr/lib/obsidian/obsidian.asar
2024-07-29 08:39:12 Checking for update using Github
2024-07-29 08:39:12 Success.
2024-07-29 08:39:12 Latest version is 1.6.7
2024-07-29 08:39:12 App is up to date.
2024-07-29 09:20:06 Loading main app package /usr/lib/obsidian/obsidian.asar
2024-07-29 09:20:06 Checking for update using Github
2024-07-29 09:20:06 Success.
2024-07-29 09:20:06 Latest version is 1.6.7
2024-07-29 09:20:06 App is up to date.
2024-07-29 10:17:44 Loading main app package /usr/lib/obsidian/obsidian.asar
2024-07-29 10:17:45 Checking for update using Github
2024-07-29 10:17:45 Success.
2024-07-29 10:17:45 Latest version is 1.6.7
2024-07-29 10:17:45 App is up to date.
2024-07-29 10:24:06 Loading main app package /usr/lib/obsidian/obsidian.asar
2024-07-29 10:24:06 Checking for update using Github
2024-07-29 10:24:07 Success.
2024-07-29 10:24:07 Latest version is 1.6.7
2024-07-29 10:24:07 App is up to date.
2024-07-29 10:48:34 Loading main app package /usr/lib/obsidian/obsidian.asar
2024-07-29 10:48:34 Checking for update using Github
2024-07-29 10:48:34 Success.
2024-07-29 10:48:34 Latest version is 1.6.7
2024-07-29 10:48:34 App is up to date.
