2024-06-25 18:55:14.766 [info] Log level: Info
2024-06-25 18:55:14.766 [info] Validating found git in: "git"
2024-06-25 18:55:14.766 [info] Using git "2.45.2" from "git"
2024-06-25 18:55:30.613 [info] Log level: Info
2024-06-25 18:55:30.613 [info] Validating found git in: "git"
2024-06-25 18:55:30.613 [info] Using git "2.45.2" from "git"
2024-06-25 18:55:30.613 [info] > git rev-parse --show-toplevel [10ms]
2024-06-25 18:55:30.621 [info] > git rev-parse --git-dir --git-common-dir [2ms]
2024-06-25 18:55:30.632 [info] Open repository: /home/charps/Documents/story_bug/alt
2024-06-25 18:55:30.652 [info] > git rev-parse --show-toplevel [6ms]
2024-06-25 18:55:30.653 [info] > git config --get commit.template [12ms]
2024-06-25 18:55:30.685 [info] > git for-each-ref --format=%(refname)%00%(upstream:short)%00%(objectname)%00%(upstream:track)%00%(upstream:remotename)%00%(upstream:remoteref) refs/heads/feature/zendesk-autohold refs/remotes/feature/zendesk-autohold [18ms]
2024-06-25 18:55:30.685 [info] > git rev-parse --show-toplevel [24ms]
2024-06-25 18:55:30.705 [info] > git rev-parse --show-toplevel [3ms]
2024-06-25 18:55:30.719 [info] > git rev-parse --show-toplevel [8ms]
2024-06-25 18:55:30.725 [info] > git status -z -uall [8ms]
2024-06-25 18:55:30.746 [info] > git merge-base refs/heads/feature/zendesk-autohold refs/remotes/origin/feature/zendesk-autohold [15ms]
2024-06-25 18:55:30.753 [info] > git rev-parse --show-toplevel [29ms]
2024-06-25 18:55:30.763 [info] > git rev-list --count --left-right refs/heads/feature/zendesk-autohold...refs/remotes/origin/feature/zendesk-autohold [10ms]
2024-06-25 18:55:30.769 [info] > git config --get commit.template [24ms]
2024-06-25 18:55:30.770 [info] > git rev-parse --show-toplevel [7ms]
2024-06-25 18:55:30.777 [info] > git diff --name-status -z --diff-filter=ADMR 1a6f0b987ca5452de801274b129a9ffb768aa7ad...refs/remotes/origin/feature/zendesk-autohold [8ms]
2024-06-25 18:55:30.778 [info] > git for-each-ref --format=%(refname)%00%(upstream:short)%00%(objectname)%00%(upstream:track)%00%(upstream:remotename)%00%(upstream:remoteref) refs/heads/feature/zendesk-autohold refs/remotes/feature/zendesk-autohold [2ms]
2024-06-25 18:55:30.786 [info] > git status -z -uall [3ms]
2024-06-25 18:55:31.162 [info] > git check-ignore -v -z --stdin [2ms]
2024-06-25 18:55:34.226 [info] > git check-ignore -v -z --stdin [3ms]
2024-06-25 18:55:35.127 [info] > git check-ignore -v -z --stdin [3ms]
2024-06-25 18:55:37.683 [info] > git check-ignore -v -z --stdin [1ms]
2024-06-25 18:55:41.439 [info] > git show --textconv :src/lib/orderdesk.ts [10ms]
2024-06-25 18:55:41.440 [info] > git ls-files --stage -- /home/charps/Documents/story_bug/alt/src/lib/orderdesk.ts [2ms]
2024-06-25 18:55:41.450 [info] > git cat-file -s 92218768465f2469305ba917882f03e5dd9ff674 [2ms]
2024-06-25 18:57:25.109 [info] > git show --textconv :node_modules/@storybug/orderdesk/dist/index.d.ts [10ms]
2024-06-25 18:57:25.109 [info] > git ls-files --stage -- /home/charps/Documents/story_bug/alt/node_modules/@storybug/orderdesk/dist/index.d.ts [3ms]
2024-06-25 18:57:25.329 [info] > git check-ignore -v -z --stdin [3ms]
2024-06-25 18:57:30.758 [info] > git show --textconv :src/lib/orderdesk.ts [12ms]
2024-06-25 18:57:30.760 [info] > git ls-files --stage -- /home/charps/Documents/story_bug/alt/src/lib/orderdesk.ts [4ms]
2024-06-25 18:57:30.771 [info] > git cat-file -s 92218768465f2469305ba917882f03e5dd9ff674 [2ms]
2024-06-25 18:57:32.815 [info] > git check-ignore -v -z --stdin [3ms]
2024-06-25 18:57:35.857 [info] > git show --textconv :src/app/layout.tsx [6ms]
2024-06-25 18:57:35.857 [info] > git ls-files --stage -- /home/charps/Documents/story_bug/alt/src/app/layout.tsx [1ms]
2024-06-25 18:57:35.865 [info] > git cat-file -s bbf3e1f2646babf44f8007464ebe2ebb87d002c6 [2ms]
2024-06-25 18:57:36.947 [info] > git show --textconv :src/app/globals.css [7ms]
2024-06-25 18:57:36.948 [info] > git ls-files --stage -- /home/charps/Documents/story_bug/alt/src/app/globals.css [2ms]
2024-06-25 18:57:36.955 [info] > git cat-file -s 60ae89a16532fffa01c83813f533eca8f33a1f66 [1ms]
2024-06-25 18:57:39.220 [info] > git check-ignore -v -z --stdin [3ms]
2024-06-25 18:57:42.806 [info] > git show --textconv :src/app/layout.tsx [10ms]
2024-06-25 18:57:42.808 [info] > git ls-files --stage -- /home/charps/Documents/story_bug/alt/src/app/layout.tsx [3ms]
2024-06-25 18:57:42.820 [info] > git cat-file -s bbf3e1f2646babf44f8007464ebe2ebb87d002c6 [3ms]
2024-06-25 18:57:50.387 [info] > git check-ignore -v -z --stdin [2ms]
2024-06-25 18:57:53.487 [info] > git check-ignore -v -z --stdin [3ms]
2024-06-25 18:57:53.868 [info] > git show --textconv :src/app/api/zendesk/route.ts [17ms]
2024-06-25 18:57:53.868 [info] > git ls-files --stage -- /home/charps/Documents/story_bug/alt/src/app/api/zendesk/route.ts [4ms]
2024-06-25 18:58:56.774 [info] Log level: Info
2024-06-25 18:58:56.774 [info] Validating found git in: "git"
2024-06-25 18:58:56.774 [info] Using git "2.45.2" from "git"
2024-06-25 18:58:56.788 [info] > git rev-parse --show-toplevel [22ms]
2024-06-25 18:58:56.817 [info] > git rev-parse --git-dir --git-common-dir [3ms]
2024-06-25 18:58:56.844 [info] Open repository: /home/charps/Documents/story_bug/alt
2024-06-25 18:58:56.885 [info] > git rev-parse --show-toplevel [2ms]
2024-06-25 18:58:56.918 [info] > git rev-parse --show-toplevel [15ms]
2024-06-25 18:58:56.923 [info] > git config --get commit.template [52ms]
2024-06-25 18:58:56.939 [info] > git for-each-ref --format=%(refname)%00%(upstream:short)%00%(objectname)%00%(upstream:track)%00%(upstream:remotename)%00%(upstream:remoteref) refs/heads/feature/zendesk-autohold refs/remotes/feature/zendesk-autohold [24ms]
2024-06-25 18:58:56.941 [info] > git rev-parse --show-toplevel [3ms]
2024-06-25 18:58:56.958 [info] > git rev-parse --show-toplevel [1ms]
2024-06-25 18:58:56.994 [info] > git status -z -uall [23ms]
2024-06-25 18:58:57.001 [info] > git rev-parse --show-toplevel [17ms]
2024-06-25 18:58:57.023 [info] > git merge-base refs/heads/feature/zendesk-autohold refs/remotes/origin/feature/zendesk-autohold [13ms]
2024-06-25 18:58:57.036 [info] > git rev-list --count --left-right refs/heads/feature/zendesk-autohold...refs/remotes/origin/feature/zendesk-autohold [4ms]
2024-06-25 18:58:57.044 [info] > git rev-parse --show-toplevel [22ms]
2024-06-25 18:58:57.046 [info] > git diff --name-status -z --diff-filter=ADMR 1a6f0b987ca5452de801274b129a9ffb768aa7ad...refs/remotes/origin/feature/zendesk-autohold [2ms]
2024-06-25 18:58:57.126 [info] > git config --get commit.template [11ms]
2024-06-25 18:58:57.145 [info] > git for-each-ref --format=%(refname)%00%(upstream:short)%00%(objectname)%00%(upstream:track)%00%(upstream:remotename)%00%(upstream:remoteref) refs/heads/feature/zendesk-autohold refs/remotes/feature/zendesk-autohold [7ms]
2024-06-25 18:58:57.326 [info] > git status -z -uall [15ms]
2024-06-25 18:58:57.453 [info] > git check-ignore -v -z --stdin [45ms]
2024-06-25 18:58:59.889 [info] > git show --textconv :src/app/api/zendesk/route.ts [147ms]
2024-06-25 18:58:59.889 [info] > git ls-files --stage -- /home/charps/Documents/story_bug/alt/src/app/api/zendesk/route.ts [138ms]
2024-06-25 18:59:00.048 [info] > git check-ignore -v -z --stdin [2ms]
2024-06-25 18:59:02.527 [info] > git config --get commit.template [11ms]
2024-06-25 18:59:02.530 [info] > git for-each-ref --format=%(refname)%00%(upstream:short)%00%(objectname)%00%(upstream:track)%00%(upstream:remotename)%00%(upstream:remoteref) refs/heads/feature/zendesk-autohold refs/remotes/feature/zendesk-autohold [2ms]
2024-06-25 18:59:02.543 [info] > git status -z -uall [3ms]
2024-06-25 18:59:07.572 [info] > git config --get commit.template [13ms]
2024-06-25 18:59:07.574 [info] > git for-each-ref --format=%(refname)%00%(upstream:short)%00%(objectname)%00%(upstream:track)%00%(upstream:remotename)%00%(upstream:remoteref) refs/heads/feature/zendesk-autohold refs/remotes/feature/zendesk-autohold [2ms]
2024-06-25 18:59:07.587 [info] > git status -z -uall [5ms]
2024-06-25 18:59:21.152 [info] > git config --get commit.template [9ms]
2024-06-25 18:59:21.153 [info] > git for-each-ref --format=%(refname)%00%(upstream:short)%00%(objectname)%00%(upstream:track)%00%(upstream:remotename)%00%(upstream:remoteref) refs/heads/feature/zendesk-autohold refs/remotes/feature/zendesk-autohold [2ms]
2024-06-25 18:59:21.170 [info] > git status -z -uall [7ms]
2024-06-25 18:59:26.195 [info] > git config --get commit.template [12ms]
2024-06-25 18:59:26.196 [info] > git for-each-ref --format=%(refname)%00%(upstream:short)%00%(objectname)%00%(upstream:track)%00%(upstream:remotename)%00%(upstream:remoteref) refs/heads/feature/zendesk-autohold refs/remotes/feature/zendesk-autohold [2ms]
2024-06-25 18:59:26.212 [info] > git status -z -uall [3ms]
2024-06-25 19:00:27.358 [info] > git config --get commit.template [1ms]
2024-06-25 19:00:27.368 [info] > git for-each-ref --format=%(refname)%00%(upstream:short)%00%(objectname)%00%(upstream:track)%00%(upstream:remotename)%00%(upstream:remoteref) refs/heads/feature/zendesk-autohold refs/remotes/feature/zendesk-autohold [2ms]
2024-06-25 19:00:27.379 [info] > git status -z -uall [3ms]
2024-06-25 19:02:55.842 [info] > git config --get commit.template [11ms]
2024-06-25 19:02:55.843 [info] > git for-each-ref --format=%(refname)%00%(upstream:short)%00%(objectname)%00%(upstream:track)%00%(upstream:remotename)%00%(upstream:remoteref) refs/heads/feature/zendesk-autohold refs/remotes/feature/zendesk-autohold [3ms]
2024-06-25 19:02:55.856 [info] > git status -z -uall [3ms]
2024-06-25 19:03:13.757 [info] > git config --get commit.template [14ms]
2024-06-25 19:03:13.760 [info] > git for-each-ref --format=%(refname)%00%(upstream:short)%00%(objectname)%00%(upstream:track)%00%(upstream:remotename)%00%(upstream:remoteref) refs/heads/feature/zendesk-autohold refs/remotes/feature/zendesk-autohold [4ms]
2024-06-25 19:03:13.779 [info] > git status -z -uall [6ms]
2024-06-25 19:03:30.375 [info] > git check-ignore -v -z --stdin [3ms]
2024-06-25 19:03:33.018 [info] > git check-ignore -v -z --stdin [1ms]
2024-06-25 19:03:34.258 [info] > git show --textconv :src/app/api/move-orders/route.js [11ms]
2024-06-25 19:03:34.259 [info] > git ls-files --stage -- /home/charps/Documents/story_bug/alt/src/app/api/move-orders/route.js [2ms]
2024-06-25 19:03:34.272 [info] > git cat-file -s 48102a84cf2a5937823f186bbcb9c9f1773b6f7f [2ms]
2024-06-25 19:03:37.038 [info] > git show --textconv :src/app/api/zendesk/route.ts [0ms]
2024-06-25 19:03:37.052 [info] > git ls-files --stage -- /home/charps/Documents/story_bug/alt/src/app/api/zendesk/route.ts [0ms]
2024-06-25 19:04:22.535 [info] > git config --get commit.template [11ms]
2024-06-25 19:04:22.536 [info] > git for-each-ref --format=%(refname)%00%(upstream:short)%00%(objectname)%00%(upstream:track)%00%(upstream:remotename)%00%(upstream:remoteref) refs/heads/feature/zendesk-autohold refs/remotes/feature/zendesk-autohold [2ms]
2024-06-25 19:04:22.547 [info] > git status -z -uall [2ms]
2024-06-25 19:04:47.644 [info] > git config --get commit.template [13ms]
2024-06-25 19:04:47.647 [info] > git for-each-ref --format=%(refname)%00%(upstream:short)%00%(objectname)%00%(upstream:track)%00%(upstream:remotename)%00%(upstream:remoteref) refs/heads/feature/zendesk-autohold refs/remotes/feature/zendesk-autohold [4ms]
2024-06-25 19:04:47.664 [info] > git status -z -uall [6ms]
2024-06-25 19:04:52.785 [info] > git config --get commit.template [11ms]
2024-06-25 19:04:52.786 [info] > git for-each-ref --format=%(refname)%00%(upstream:short)%00%(objectname)%00%(upstream:track)%00%(upstream:remotename)%00%(upstream:remoteref) refs/heads/feature/zendesk-autohold refs/remotes/feature/zendesk-autohold [2ms]
2024-06-25 19:04:52.800 [info] > git status -z -uall [3ms]
2024-06-25 19:04:58.584 [info] > git config --get commit.template [18ms]
2024-06-25 19:04:58.586 [info] > git for-each-ref --format=%(refname)%00%(upstream:short)%00%(objectname)%00%(upstream:track)%00%(upstream:remotename)%00%(upstream:remoteref) refs/heads/feature/zendesk-autohold refs/remotes/feature/zendesk-autohold [6ms]
2024-06-25 19:04:58.605 [info] > git status -z -uall [3ms]
2024-06-25 19:05:03.625 [info] > git config --get commit.template [8ms]
2024-06-25 19:05:03.626 [info] > git for-each-ref --format=%(refname)%00%(upstream:short)%00%(objectname)%00%(upstream:track)%00%(upstream:remotename)%00%(upstream:remoteref) refs/heads/feature/zendesk-autohold refs/remotes/feature/zendesk-autohold [1ms]
2024-06-25 19:05:03.636 [info] > git status -z -uall [3ms]
2024-06-25 19:05:08.659 [info] > git config --get commit.template [9ms]
2024-06-25 19:05:08.661 [info] > git for-each-ref --format=%(refname)%00%(upstream:short)%00%(objectname)%00%(upstream:track)%00%(upstream:remotename)%00%(upstream:remoteref) refs/heads/feature/zendesk-autohold refs/remotes/feature/zendesk-autohold [3ms]
2024-06-25 19:05:08.676 [info] > git status -z -uall [3ms]
2024-06-25 19:05:13.706 [info] > git config --get commit.template [14ms]
2024-06-25 19:05:13.709 [info] > git for-each-ref --format=%(refname)%00%(upstream:short)%00%(objectname)%00%(upstream:track)%00%(upstream:remotename)%00%(upstream:remoteref) refs/heads/feature/zendesk-autohold refs/remotes/feature/zendesk-autohold [4ms]
2024-06-25 19:05:13.732 [info] > git status -z -uall [6ms]
2024-06-25 19:09:57.678 [info] > git config --get commit.template [9ms]
2024-06-25 19:09:57.679 [info] > git for-each-ref --format=%(refname)%00%(upstream:short)%00%(objectname)%00%(upstream:track)%00%(upstream:remotename)%00%(upstream:remoteref) refs/heads/feature/zendesk-autohold refs/remotes/feature/zendesk-autohold [2ms]
2024-06-25 19:09:57.690 [info] > git status -z -uall [3ms]
